2025-10-05T12:35:34.841321Z DEBUG arx: arx/src/main.rs:53: Checking Solana is up and running
2025-10-05T12:35:34.875533Z  INFO arx: arx/src/main.rs:58: Running ARX
2025-10-05T12:35:34.875546Z DEBUG arx: arx/src/main.rs:60: Reading node keypair, callback authority keypair, and identity files from env
2025-10-05T12:35:34.875549Z DEBUG arx: arx/src/main.rs:68: Reading node keypair, callback authority keypair, and identity files
2025-10-05T12:35:34.875677Z DEBUG arx: arx/src/main.rs:78: Installing AWS LC crypto provider
2025-10-05T12:35:34.875687Z  INFO arx: arx/src/main.rs:83: Creating ARX coordinator
2025-10-05T12:35:34.970136Z DEBUG arx::units::online_phase_unit: arx/src/units/online_phase_unit.rs:121: Loaded MXE private shares for EEL1Q3J9MjPxTWagTKE39jpUVBjUg7q283ztTVzbveDz
2025-10-05T12:35:34.970177Z  INFO arx: arx/src/main.rs:93: Coordinator created successfully
2025-10-05T12:35:34.970181Z  INFO arx: arx/src/main.rs:102: Starting ARX coordinator
2025-10-05T12:35:34.970186Z  INFO arx: arx/src/main.rs:105: Waiting for Ctrl+C
2025-10-05T12:35:34.970186Z  INFO arx::units::cache_unit: arx/src/units/cache_unit.rs:88: Cache unit started
2025-10-05T12:35:34.970204Z  INFO arx::units::cluster_unit: arx/src/units/cluster_unit.rs:66: Cluster unit started
2025-10-05T12:35:34.970209Z DEBUG arx::units::cluster_unit: arx/src/units/cluster_unit.rs:68: Running pub/sub for arx node account
2025-10-05T12:35:34.970218Z  INFO arx::units::circuit_unit: arx/src/units/circuit_unit.rs:107: Circuit unit started
2025-10-05T12:35:34.970228Z DEBUG arx::units::cluster_unit: arx/src/units/cluster_unit.rs:78: Subscribing to arx node account
2025-10-05T12:35:34.970238Z  INFO arx::program: arx/src/program.rs:242: Pub/sub client started
2025-10-05T12:35:34.970239Z  INFO arx::program: arx/src/program.rs:244: Connecting initial pub/sub
2025-10-05T12:35:34.970253Z  INFO arx::units::mempool_unit: arx/src/units/mempool_unit.rs:77: Mempool unit started
2025-10-05T12:35:34.970255Z DEBUG arx::units::mempool_unit: arx/src/units/mempool_unit.rs:79: Running pub/sub for mempools accounts
2025-10-05T12:35:34.970271Z  INFO arx::units::state_unit: arx/src/units/state_unit.rs:109: State unit started
2025-10-05T12:35:34.970270Z  INFO arx::units::online_phase_unit: arx/src/units/online_phase_unit.rs:152: Online phase unit started
2025-10-05T12:35:34.970291Z  INFO arx::program: arx/src/program.rs:242: Pub/sub client started
2025-10-05T12:35:34.970295Z  INFO arx::program: arx/src/program.rs:244: Connecting initial pub/sub
2025-10-05T12:35:34.970278Z  INFO arx::units::peers_unit: arx/src/units/peers_unit.rs:76: Peers unit started
2025-10-05T12:35:34.970842Z  INFO arx::program: arx/src/program.rs:267: Fetching initial state for account: ELoRR19zrps1G3UYKcAxr7LKbw3kbqkVUXVY9dETMWN7
2025-10-05T12:35:34.970253Z  INFO arx::units::node_transaction_unit: arx/src/units/node_transaction_unit.rs:65: Node transaction unit started
2025-10-05T12:35:34.970889Z  INFO arx::units::node_transaction_unit: arx/src/units/node_transaction_unit.rs:67: Activating node
2025-10-05T12:35:34.970219Z  INFO arx::units::computation_transaction_unit: arx/src/units/computation_transaction_unit.rs:89: Computation transaction unit started
2025-10-05T12:35:34.970286Z  INFO arx::coordinator: arx/src/coordinator.rs:198: Coordinator started
2025-10-05T12:35:34.970255Z  INFO arx::units::mxe_unit: arx/src/units/mxe_unit.rs:75: MXE unit started
2025-10-05T12:35:34.971129Z DEBUG arx::units::mxe_unit: arx/src/units/mxe_unit.rs:77: Running pub/sub for clusters accounts
2025-10-05T12:35:34.970233Z  INFO arx::units::computation_unit: arx/src/units/computation_unit.rs:74: Inputs unit started
2025-10-05T12:35:34.970234Z  INFO arx::units::execpool_unit: arx/src/units/execpool_unit.rs:80: Execpool unit started
2025-10-05T12:35:34.971163Z DEBUG arx::units::execpool_unit: arx/src/units/execpool_unit.rs:82: Running pub/sub for mempools accounts
2025-10-05T12:35:34.971167Z  INFO arx::program: arx/src/program.rs:242: Pub/sub client started
2025-10-05T12:35:34.971171Z  INFO arx::program: arx/src/program.rs:244: Connecting initial pub/sub
2025-10-05T12:35:34.971222Z  INFO arx::program: arx/src/program.rs:242: Pub/sub client started
2025-10-05T12:35:34.971229Z  INFO arx::program: arx/src/program.rs:244: Connecting initial pub/sub
2025-10-05T12:35:34.971731Z  INFO arx::program: arx/src/program.rs:279: Subscribing to account: ELoRR19zrps1G3UYKcAxr7LKbw3kbqkVUXVY9dETMWN7
2025-10-05T12:35:34.971759Z DEBUG arx::units::cluster_unit: arx/src/units/cluster_unit.rs:101: Processing arx node update
2025-10-05T12:35:35.120713Z DEBUG arx::program: arx/src/program.rs:312: Received update for account: ELoRR19zrps1G3UYKcAxr7LKbw3kbqkVUXVY9dETMWN7
2025-10-05T12:35:35.120822Z DEBUG arx::units::cluster_unit: arx/src/units/cluster_unit.rs:101: Processing arx node update
2025-10-05T12:35:35.473830Z  INFO arx::units::node_transaction_unit: arx/src/units/node_transaction_unit.rs:70: Node activated
2025-10-05T12:35:35.473880Z DEBUG arx::coordinator: arx/src/coordinator.rs:204: Coordinator received activation unit message: activated
2025-10-05T12:35:35.473889Z DEBUG arx::coordinator: arx/src/coordinator.rs:251: Coordinator received cluster unit message: cluster: 0, status: Joined
2025-10-05T12:35:35.473922Z DEBUG arx::units::mxe_unit: arx/src/units/mxe_unit.rs:112: Subscribing to cluster: GgSqqAyH7AVY3Umcv8NvncrjFaNJuQLmxzxFxPoPW2Yd
2025-10-05T12:35:35.473933Z  INFO arx::program: arx/src/program.rs:267: Fetching initial state for account: GgSqqAyH7AVY3Umcv8NvncrjFaNJuQLmxzxFxPoPW2Yd
2025-10-05T12:35:35.474464Z  INFO arx::program: arx/src/program.rs:279: Subscribing to account: GgSqqAyH7AVY3Umcv8NvncrjFaNJuQLmxzxFxPoPW2Yd
2025-10-05T12:35:35.474533Z DEBUG arx::units::mxe_unit: arx/src/units/mxe_unit.rs:129: Processing cluster update for account: GgSqqAyH7AVY3Umcv8NvncrjFaNJuQLmxzxFxPoPW2Yd
2025-10-05T12:35:35.474549Z DEBUG arx::coordinator: arx/src/coordinator.rs:349: Coordinator received mxe unit message: cluster: GgSqqAyH7AVY3Umcv8NvncrjFaNJuQLmxzxFxPoPW2Yd, mxe: EEL1Q3J9MjPxTWagTKE39jpUVBjUg7q283ztTVzbveDz, status: Joined
2025-10-05T12:35:35.474575Z DEBUG arx::units::execpool_unit: arx/src/units/execpool_unit.rs:120: Subscribing to execpool account: 6Qt4SBbyza8Pp1MRJ4QBZz9fhNJNAk1FhuedtzVULK1U
2025-10-05T12:35:35.474586Z  INFO arx::program: arx/src/program.rs:267: Fetching initial state for account: 6Qt4SBbyza8Pp1MRJ4QBZz9fhNJNAk1FhuedtzVULK1U
2025-10-05T12:35:35.474648Z DEBUG arx::units::mempool_unit: arx/src/units/mempool_unit.rs:113: Subscribing to mempool account: 8tyjW9naJHWtDkxX4AHtkHi83vdsgnzP1gDUoiMPVuGN
2025-10-05T12:35:35.474665Z  INFO arx::program: arx/src/program.rs:267: Fetching initial state for account: 8tyjW9naJHWtDkxX4AHtkHi83vdsgnzP1gDUoiMPVuGN
2025-10-05T12:35:35.476223Z  INFO arx::program: arx/src/program.rs:279: Subscribing to account: 6Qt4SBbyza8Pp1MRJ4QBZz9fhNJNAk1FhuedtzVULK1U
2025-10-05T12:35:35.476597Z DEBUG arx::coordinator: arx/src/coordinator.rs:288: Coordinator received execpool unit message: computations ids: [1]
2025-10-05T12:35:35.476623Z DEBUG arx::units::state_unit: arx/src/units/state_unit.rs:231: Processing execpool update
2025-10-05T12:35:35.476637Z DEBUG arx::units::state_unit: arx/src/units/state_unit.rs:281: Prefetching and executing computation: ArxComputationReference (1,1) (cluster: GgSqqAyH7AVY3Umcv8NvncrjFaNJuQLmxzxFxPoPW2Yd, mxe: EEL1Q3J9MjPxTWagTKE39jpUVBjUg7q283ztTVzbveDz) with status (index: 0, executed: false)
2025-10-05T12:35:35.476647Z DEBUG arx::coordinator: arx/src/coordinator.rs:384: Coordinator received state unit message: prefetch computation: ArxComputationReference (1,1) (cluster: GgSqqAyH7AVY3Umcv8NvncrjFaNJuQLmxzxFxPoPW2Yd, mxe: EEL1Q3J9MjPxTWagTKE39jpUVBjUg7q283ztTVzbveDz)
2025-10-05T12:35:35.476670Z DEBUG arx::coordinator: arx/src/coordinator.rs:405: Coordinator received state unit message: execute computation: ArxComputationReference (1,1) (cluster: GgSqqAyH7AVY3Umcv8NvncrjFaNJuQLmxzxFxPoPW2Yd, mxe: EEL1Q3J9MjPxTWagTKE39jpUVBjUg7q283ztTVzbveDz)
2025-10-05T12:35:35.476681Z DEBUG arx::units::cache_unit: arx/src/units/cache_unit.rs:144: Processing queued computation: ArxComputationReference (1,1) (cluster: GgSqqAyH7AVY3Umcv8NvncrjFaNJuQLmxzxFxPoPW2Yd, mxe: EEL1Q3J9MjPxTWagTKE39jpUVBjUg7q283ztTVzbveDz)
2025-10-05T12:35:35.476979Z DEBUG arx::units::circuit_unit: arx/src/units/circuit_unit.rs:148: Processing computation definition: GSjDvGiKsfGTvcWJiTAVwHuVKefusPPYuFPVkbWGQjrd
2025-10-05T12:35:35.477292Z DEBUG arx::units::peers_unit: arx/src/units/peers_unit.rs:111: Processing cluster: GgSqqAyH7AVY3Umcv8NvncrjFaNJuQLmxzxFxPoPW2Yd
2025-10-05T12:35:35.478673Z  INFO arx::program: arx/src/program.rs:279: Subscribing to account: 8tyjW9naJHWtDkxX4AHtkHi83vdsgnzP1gDUoiMPVuGN
2025-10-05T12:35:35.478767Z DEBUG arx::units::mempool_unit: arx/src/units/mempool_unit.rs:136: Processing new mempool update for account: 8tyjW9naJHWtDkxX4AHtkHi83vdsgnzP1gDUoiMPVuGN
2025-10-05T12:35:35.478779Z DEBUG arx::units::mempool_unit: arx/src/units/mempool_unit.rs:175: Mempool account 8tyjW9naJHWtDkxX4AHtkHi83vdsgnzP1gDUoiMPVuGN contains the same computations, skipping update
2025-10-05T12:35:35.479747Z DEBUG arx::coordinator: arx/src/coordinator.rs:309: Coordinator prefetched computation ArxComputationReference (1,1) (cluster: GgSqqAyH7AVY3Umcv8NvncrjFaNJuQLmxzxFxPoPW2Yd, mxe: EEL1Q3J9MjPxTWagTKE39jpUVBjUg7q283ztTVzbveDz)
2025-10-05T12:35:35.479772Z DEBUG arx::coordinator: arx/src/coordinator.rs:312: Coordinator fetched computation ArxComputation 313596567011649142058152438551621015162 (cluster: GgSqqAyH7AVY3Umcv8NvncrjFaNJuQLmxzxFxPoPW2Yd, mxe: EEL1Q3J9MjPxTWagTKE39jpUVBjUg7q283ztTVzbveDz) inputs
2025-10-05T12:35:35.479787Z DEBUG arx::units::cache_unit: arx/src/units/cache_unit.rs:246: Processing fetched inputs: Cerberus Inputs
2025-10-05T12:35:35.480093Z DEBUG arx::units::circuit_unit: arx/src/units/circuit_unit.rs:198: Deserializing circuit data
2025-10-05T12:35:35.483724Z DEBUG arx::units::circuit_unit: arx/src/units/circuit_unit.rs:215: Inserting circuit info into cache
2025-10-05T12:35:35.483803Z DEBUG arx::coordinator: arx/src/coordinator.rs:241: Coordinator received circuit unit message
2025-10-05T12:35:35.483823Z DEBUG arx::units::cache_unit: arx/src/units/cache_unit.rs:170: Processing fetched circuit: CircuitInfo GSjDvGiKsfGTvcWJiTAVwHuVKefusPPYuFPVkbWGQjrd
2025-10-05T12:35:35.484549Z DEBUG arx::coordinator: arx/src/coordinator.rs:373: Coordinator received peers unit message
2025-10-05T12:35:35.484578Z DEBUG arx::units::cache_unit: arx/src/units/cache_unit.rs:209: Processing fetched peers: PeersInfo { cluster: GgSqqAyH7AVY3Umcv8NvncrjFaNJuQLmxzxFxPoPW2Yd, peer_number: 0 }
2025-10-05T12:35:35.484592Z DEBUG arx::coordinator: arx/src/coordinator.rs:221: Coordinator received cache unit message
2025-10-05T12:35:35.484596Z DEBUG arx::coordinator: arx/src/coordinator.rs:221: Coordinator received cache unit message
2025-10-05T12:35:35.484616Z  WARN arx::units::online_phase_unit: arx/src/units/online_phase_unit.rs:195: Overwriting existing private shares for MXE keygen computation
2025-10-05T12:35:35.484648Z DEBUG arx::units::state_unit: arx/src/units/state_unit.rs:296: Processing prefetched computation
2025-10-05T12:35:35.484670Z  INFO arx::units::online_phase_unit: arx/src/units/online_phase_unit.rs:326: Processing Cerberus computation with id 313596567011649142058152438551621015162
2025-10-05T12:35:35.484673Z DEBUG arx::units::online_phase_unit: arx/src/units/online_phase_unit.rs:328: Connecting to peers (313596567011649142058152438551621015162)
2025-10-05T12:35:35.484691Z DEBUG network::router::network_router: /home/runner/.cargo/git/checkouts/async-mpc-1dbbf554a14e7a32/b307074/network/src/router/network_router.rs:79: Handling connection request to peer 53fdb6    
2025-10-05T12:35:35.484696Z DEBUG network::router::state::connection_handlers: /home/runner/.cargo/git/checkouts/async-mpc-1dbbf554a14e7a32/b307074/network/src/router/state/connection_handlers.rs:44: Handling internal connection request: ConnectionRequest { expected_peer_id: 53fdb6, peer_addr: 172.20.0.101:8001, response_sender: Sender { inner: Some(Inner { state: State { is_complete: false, is_closed: false, is_rx_task_set: true, is_tx_task_set: false } }) } }    
2025-10-05T12:35:35.484704Z DEBUG network::router::state::connection_handlers: /home/runner/.cargo/git/checkouts/async-mpc-1dbbf554a14e7a32/b307074/network/src/router/state/connection_handlers.rs:65: Connection not established yet: 172.20.0.101:8001    
2025-10-05T12:35:35.484717Z DEBUG network::router::state::connection_handlers: /home/runner/.cargo/git/checkouts/async-mpc-1dbbf554a14e7a32/b307074/network/src/router/state/connection_handlers.rs:100: Connecting to peer: 172.20.0.101:8001    
2025-10-05T12:35:35.484915Z DEBUG network::router::state::connection_handlers: /home/runner/.cargo/git/checkouts/async-mpc-1dbbf554a14e7a32/b307074/network/src/router/state/connection_handlers.rs:128: Connecting and checking ID of peer: 172.20.0.101:8001    
2025-10-05T12:35:35.484925Z DEBUG network::router::network_router: /home/runner/.cargo/git/checkouts/async-mpc-1dbbf554a14e7a32/b307074/network/src/router/network_router.rs:85: Connection request to peer 53fdb6 handled    
2025-10-05T12:35:35.485986Z DEBUG network::router::state::connection_handlers: /home/runner/.cargo/git/checkouts/async-mpc-1dbbf554a14e7a32/b307074/network/src/router/state/connection_handlers.rs:280: Checking connection liveness to peer: 172.20.0.101:8001    
2025-10-05T12:35:35.486345Z DEBUG network::router::state::connection_handlers: /home/runner/.cargo/git/checkouts/async-mpc-1dbbf554a14e7a32/b307074/network/src/router/state/connection_handlers.rs:168: Outcome of connection to peer 172.20.0.101:8001 sent.    
2025-10-05T12:35:35.486360Z DEBUG network::router::state::connection_handlers: /home/runner/.cargo/git/checkouts/async-mpc-1dbbf554a14e7a32/b307074/network/src/router/state/connection_handlers.rs:188: Handling established connection to peer: 172.20.0.101:8001    
2025-10-05T12:35:35.486493Z  INFO network::router::state::substream_handlers: /home/runner/.cargo/git/checkouts/async-mpc-1dbbf554a14e7a32/b307074/network/src/router/state/substream_handlers.rs:217: Listening to substream requests from address 172.20.0.101:8001.    
2025-10-05T12:35:35.486509Z DEBUG arx::units::online_phase_unit: arx/src/units/online_phase_unit.rs:343: Connected to peers (313596567011649142058152438551621015162)
2025-10-05T12:35:35.486632Z DEBUG network::router::network_router: /home/runner/.cargo/git/checkouts/async-mpc-1dbbf554a14e7a32/b307074/network/src/router/network_router.rs:105: Opening substream for protocol (313596567011649142058152438551621015162, 0) with peer 53fdb6    
2025-10-05T12:35:35.486647Z  INFO network::router::network_router: /home/runner/.cargo/git/checkouts/async-mpc-1dbbf554a14e7a32/b307074/network/src/router/network_router.rs:273: Opened substreams for protocol 313596567011649142058152438551621015162    
2025-10-05T12:35:35.559148Z  INFO network::labeled_interface::handlers: /home/runner/.cargo/git/checkouts/async-mpc-1dbbf554a14e7a32/b307074/network/src/labeled_interface/handlers.rs:53: Router closed interface e4ce8a.    
2025-10-05T12:35:35.559274Z DEBUG arx::units::online_phase_unit: arx/src/units/online_phase_unit.rs:255: Output of computation is: ArxComputationOutput { computation: ArxComputation 313596567011649142058152438551621015162 (cluster: GgSqqAyH7AVY3Umcv8NvncrjFaNJuQLmxzxFxPoPW2Yd, mxe: EEL1Q3J9MjPxTWagTKE39jpUVBjUg7q283ztTVzbveDz), outputs: Success([[48, 63, 164, 80, 17, 116, 89, 105, 43, 254, 149, 180, 75, 237, 237, 241, 161, 125, 165, 237, 31, 85, 126, 115, 133, 131, 242, 94, 156, 202, 84, 37]]) } (313596567011649142058152438551621015162)
2025-10-05T12:35:35.559300Z DEBUG arx::coordinator: arx/src/coordinator.rs:364: Coordinator received online unit output: ArxComputationOutput { computation: ArxComputation 313596567011649142058152438551621015162 (cluster: GgSqqAyH7AVY3Umcv8NvncrjFaNJuQLmxzxFxPoPW2Yd, mxe: EEL1Q3J9MjPxTWagTKE39jpUVBjUg7q283ztTVzbveDz), outputs: Success([[48, 63, 164, 80, 17, 116, 89, 105, 43, 254, 149, 180, 75, 237, 237, 241, 161, 125, 165, 237, 31, 85, 126, 115, 133, 131, 242, 94, 156, 202, 84, 37]]) }
2025-10-05T12:35:35.559318Z DEBUG arx::units::computation_transaction_unit: arx/src/units/computation_transaction_unit.rs:162: Processing callback for computation ArxComputation 313596567011649142058152438551621015162 (cluster: GgSqqAyH7AVY3Umcv8NvncrjFaNJuQLmxzxFxPoPW2Yd, mxe: EEL1Q3J9MjPxTWagTKE39jpUVBjUg7q283ztTVzbveDz)
2025-10-05T12:35:35.559499Z  INFO network::labeled_interface::handlers: /home/runner/.cargo/git/checkouts/async-mpc-1dbbf554a14e7a32/b307074/network/src/labeled_interface/handlers.rs:86: Interface e4ce8a dropped.    
2025-10-05T12:35:35.559538Z  INFO network::labeled_interface::interface: /home/runner/.cargo/git/checkouts/async-mpc-1dbbf554a14e7a32/b307074/network/src/labeled_interface/interface.rs:415: Interface e4ce8a dropped.    
2025-10-05T12:35:35.559551Z  INFO network::router::state::substream_handlers: /home/runner/.cargo/git/checkouts/async-mpc-1dbbf554a14e7a32/b307074/network/src/router/state/substream_handlers.rs:197: Removed protocol ID (313596567011649142058152438551621015162, 0) for peer 53fdb6.    
2025-10-05T12:35:35.930979Z DEBUG arx::program: arx/src/program.rs:312: Received update for account: GgSqqAyH7AVY3Umcv8NvncrjFaNJuQLmxzxFxPoPW2Yd
2025-10-05T12:35:35.931008Z DEBUG arx::units::mxe_unit: arx/src/units/mxe_unit.rs:129: Processing cluster update for account: GgSqqAyH7AVY3Umcv8NvncrjFaNJuQLmxzxFxPoPW2Yd
2025-10-05T12:35:36.066476Z DEBUG arx::units::computation_transaction_unit: arx/src/units/computation_transaction_unit.rs:219: Sent set_mxe_keys tx for mxe EEL1Q3J9MjPxTWagTKE39jpUVBjUg7q283ztTVzbveDz with sig 4djpqBcnmcuGmqQ6bgp4SuunN91xbw5mNrwC771BFdDAX6Qc7BtjwYJ37eCwdobopSrvMDvkvUFT8kMMSeWnFfSn
2025-10-05T12:35:36.299712Z DEBUG arx::program: arx/src/program.rs:312: Received update for account: GgSqqAyH7AVY3Umcv8NvncrjFaNJuQLmxzxFxPoPW2Yd
2025-10-05T12:35:36.299737Z DEBUG arx::units::mxe_unit: arx/src/units/mxe_unit.rs:129: Processing cluster update for account: GgSqqAyH7AVY3Umcv8NvncrjFaNJuQLmxzxFxPoPW2Yd
2025-10-05T12:35:36.299820Z DEBUG arx::program: arx/src/program.rs:312: Received update for account: 6Qt4SBbyza8Pp1MRJ4QBZz9fhNJNAk1FhuedtzVULK1U
2025-10-05T12:35:36.299843Z DEBUG arx::coordinator: arx/src/coordinator.rs:288: Coordinator received execpool unit message: computations ids: []
2025-10-05T12:35:36.299858Z DEBUG arx::units::state_unit: arx/src/units/state_unit.rs:231: Processing execpool update
2025-10-05T12:35:36.299863Z DEBUG arx::units::state_unit: arx/src/units/state_unit.rs:255: Removing computation from execpool: ArxComputationReference (1,1) (cluster: GgSqqAyH7AVY3Umcv8NvncrjFaNJuQLmxzxFxPoPW2Yd, mxe: EEL1Q3J9MjPxTWagTKE39jpUVBjUg7q283ztTVzbveDz)
2025-10-05T12:35:36.299870Z DEBUG arx::coordinator: arx/src/coordinator.rs:423: Coordinator received state unit message: executed computation: ArxComputationReference (1,1) (cluster: GgSqqAyH7AVY3Umcv8NvncrjFaNJuQLmxzxFxPoPW2Yd, mxe: EEL1Q3J9MjPxTWagTKE39jpUVBjUg7q283ztTVzbveDz)
2025-10-05T12:35:36.299877Z DEBUG arx::units::cache_unit: arx/src/units/cache_unit.rs:278: Processing executed computation: ArxComputationReference (1,1) (cluster: GgSqqAyH7AVY3Umcv8NvncrjFaNJuQLmxzxFxPoPW2Yd, mxe: EEL1Q3J9MjPxTWagTKE39jpUVBjUg7q283ztTVzbveDz)
2025-10-05T12:35:36.299883Z DEBUG arx::units::cache_unit: arx/src/units/cache_unit.rs:282: Computation executed and removed from cache: ArxComputationReference (1,1) (cluster: GgSqqAyH7AVY3Umcv8NvncrjFaNJuQLmxzxFxPoPW2Yd, mxe: EEL1Q3J9MjPxTWagTKE39jpUVBjUg7q283ztTVzbveDz)
2025-10-05T12:35:36.300069Z DEBUG arx::program: arx/src/program.rs:312: Received update for account: 8tyjW9naJHWtDkxX4AHtkHi83vdsgnzP1gDUoiMPVuGN
2025-10-05T12:35:36.300140Z DEBUG arx::units::mempool_unit: arx/src/units/mempool_unit.rs:136: Processing new mempool update for account: 8tyjW9naJHWtDkxX4AHtkHi83vdsgnzP1gDUoiMPVuGN
2025-10-05T12:35:36.300153Z DEBUG arx::units::mempool_unit: arx/src/units/mempool_unit.rs:175: Mempool account 8tyjW9naJHWtDkxX4AHtkHi83vdsgnzP1gDUoiMPVuGN contains the same computations, skipping update
2025-10-05T12:35:36.577049Z DEBUG arx::units::computation_transaction_unit: arx/src/units/computation_transaction_unit.rs:322: Sent callback computation tx for mxe EEL1Q3J9MjPxTWagTKE39jpUVBjUg7q283ztTVzbveDz with sig 3hYtyvf2J9m8DF7eKm1XApd4RcG3LjKQwq4YsET225xt4fcYWsNQbvNAXoLSosLchPFRXRwBZYP1EGrahZHRdSZd
2025-10-05T12:35:36.577110Z DEBUG arx::coordinator: arx/src/coordinator.rs:265: Coordinator received computation transaction unit callback computation: ArxComputationReference (1,1) (cluster: GgSqqAyH7AVY3Umcv8NvncrjFaNJuQLmxzxFxPoPW2Yd, mxe: EEL1Q3J9MjPxTWagTKE39jpUVBjUg7q283ztTVzbveDz)
2025-10-05T12:35:36.577123Z DEBUG arx::units::state_unit: arx/src/units/state_unit.rs:311: Processing executed computation
2025-10-05T12:35:36.577130Z DEBUG arx::units::cache_unit: arx/src/units/cache_unit.rs:278: Processing executed computation: ArxComputationReference (1,1) (cluster: GgSqqAyH7AVY3Umcv8NvncrjFaNJuQLmxzxFxPoPW2Yd, mxe: EEL1Q3J9MjPxTWagTKE39jpUVBjUg7q283ztTVzbveDz)
2025-10-05T12:35:36.577136Z  WARN arx::units::cache_unit: arx/src/units/cache_unit.rs:289: Computation info not found in cache: ArxComputationReference (1,1) (cluster: GgSqqAyH7AVY3Umcv8NvncrjFaNJuQLmxzxFxPoPW2Yd, mxe: EEL1Q3J9MjPxTWagTKE39jpUVBjUg7q283ztTVzbveDz)
2025-10-05T12:35:56.728866Z  WARN arx::program: arx/src/program.rs:322: Pub/sub connection closed or error occurred, reconnecting...
2025-10-05T12:35:56.728866Z  WARN arx::program: arx/src/program.rs:322: Pub/sub connection closed or error occurred, reconnecting...
2025-10-05T12:35:56.728875Z  WARN arx::program: arx/src/program.rs:322: Pub/sub connection closed or error occurred, reconnecting...
2025-10-05T12:35:56.728907Z  WARN arx::program: arx/src/program.rs:322: Pub/sub connection closed or error occurred, reconnecting...
2025-10-05T12:35:56.728915Z  INFO arx::program: arx/src/program.rs:327: Reconnecting pub/sub client
2025-10-05T12:35:56.728915Z  INFO arx::program: arx/src/program.rs:327: Reconnecting pub/sub client
2025-10-05T12:35:56.728920Z  INFO arx::program: arx/src/program.rs:327: Reconnecting pub/sub client
2025-10-05T12:35:56.728930Z  INFO arx::program: arx/src/program.rs:327: Reconnecting pub/sub client
2025-10-05T12:35:56.729173Z  WARN arx::program: arx/src/program.rs:375: Attempt 1/5: Failed to create new pub/sub: unable to connect to server
2025-10-05T12:35:56.729173Z  WARN arx::program: arx/src/program.rs:375: Attempt 1/5: Failed to create new pub/sub: unable to connect to server
2025-10-05T12:35:56.729172Z  WARN arx::program: arx/src/program.rs:375: Attempt 1/5: Failed to create new pub/sub: unable to connect to server
2025-10-05T12:35:56.729182Z  WARN arx::program: arx/src/program.rs:375: Attempt 1/5: Failed to create new pub/sub: unable to connect to server
2025-10-05T12:35:57.731416Z  WARN arx::program: arx/src/program.rs:375: Attempt 2/5: Failed to create new pub/sub: unable to connect to server
2025-10-05T12:35:57.731417Z  WARN arx::program: arx/src/program.rs:375: Attempt 2/5: Failed to create new pub/sub: unable to connect to server
2025-10-05T12:35:57.731489Z  WARN arx::program: arx/src/program.rs:375: Attempt 2/5: Failed to create new pub/sub: unable to connect to server
2025-10-05T12:35:57.731960Z  WARN arx::program: arx/src/program.rs:375: Attempt 2/5: Failed to create new pub/sub: unable to connect to server
2025-10-05T12:35:59.733154Z  WARN arx::program: arx/src/program.rs:375: Attempt 3/5: Failed to create new pub/sub: unable to connect to server
2025-10-05T12:35:59.733186Z  WARN arx::program: arx/src/program.rs:375: Attempt 3/5: Failed to create new pub/sub: unable to connect to server
2025-10-05T12:35:59.733217Z  WARN arx::program: arx/src/program.rs:375: Attempt 3/5: Failed to create new pub/sub: unable to connect to server
2025-10-05T12:35:59.733194Z  WARN arx::program: arx/src/program.rs:375: Attempt 3/5: Failed to create new pub/sub: unable to connect to server
2025-10-05T12:36:03.735204Z  WARN arx::program: arx/src/program.rs:375: Attempt 4/5: Failed to create new pub/sub: unable to connect to server
2025-10-05T12:36:03.735205Z  WARN arx::program: arx/src/program.rs:375: Attempt 4/5: Failed to create new pub/sub: unable to connect to server
2025-10-05T12:36:03.735209Z  WARN arx::program: arx/src/program.rs:375: Attempt 4/5: Failed to create new pub/sub: unable to connect to server
2025-10-05T12:36:03.735213Z  WARN arx::program: arx/src/program.rs:375: Attempt 4/5: Failed to create new pub/sub: unable to connect to server
