2025-10-08T14:14:08.560811Z DEBUG arx: arx/src/main.rs:53: Checking Solana is up and running
2025-10-08T14:14:08.596126Z  INFO arx: arx/src/main.rs:58: Running ARX
2025-10-08T14:14:08.596143Z DEBUG arx: arx/src/main.rs:60: Reading node keypair, callback authority keypair, and identity files from env
2025-10-08T14:14:08.596147Z DEBUG arx: arx/src/main.rs:68: Reading node keypair, callback authority keypair, and identity files
2025-10-08T14:14:08.596283Z DEBUG arx: arx/src/main.rs:78: Installing AWS LC crypto provider
2025-10-08T14:14:08.596295Z  INFO arx: arx/src/main.rs:83: Creating ARX coordinator
2025-10-08T14:14:08.692404Z DEBUG arx::units::online_phase_unit: arx/src/units/online_phase_unit.rs:121: Loaded MXE private shares for EEL1Q3J9MjPxTWagTKE39jpUVBjUg7q283ztTVzbveDz
2025-10-08T14:14:08.692457Z  INFO arx: arx/src/main.rs:93: Coordinator created successfully
2025-10-08T14:14:08.692459Z  INFO arx: arx/src/main.rs:102: Starting ARX coordinator
2025-10-08T14:14:08.692453Z  INFO arx::units::cache_unit: arx/src/units/cache_unit.rs:88: Cache unit started
2025-10-08T14:14:08.692462Z  INFO arx: arx/src/main.rs:105: Waiting for Ctrl+C
2025-10-08T14:14:08.692486Z  INFO arx::units::execpool_unit: arx/src/units/execpool_unit.rs:80: Execpool unit started
2025-10-08T14:14:08.692491Z DEBUG arx::units::execpool_unit: arx/src/units/execpool_unit.rs:82: Running pub/sub for mempools accounts
2025-10-08T14:14:08.692530Z  INFO arx::program: arx/src/program.rs:242: Pub/sub client started
2025-10-08T14:14:08.692535Z  INFO arx::program: arx/src/program.rs:244: Connecting initial pub/sub
2025-10-08T14:14:08.692525Z  INFO arx::units::mxe_unit: arx/src/units/mxe_unit.rs:75: MXE unit started
2025-10-08T14:14:08.692547Z DEBUG arx::units::mxe_unit: arx/src/units/mxe_unit.rs:77: Running pub/sub for clusters accounts
2025-10-08T14:14:08.692607Z  INFO arx::program: arx/src/program.rs:242: Pub/sub client started
2025-10-08T14:14:08.692611Z  INFO arx::program: arx/src/program.rs:244: Connecting initial pub/sub
2025-10-08T14:14:08.692601Z  INFO arx::units::peers_unit: arx/src/units/peers_unit.rs:76: Peers unit started
2025-10-08T14:14:08.692490Z  INFO arx::units::computation_transaction_unit: arx/src/units/computation_transaction_unit.rs:89: Computation transaction unit started
2025-10-08T14:14:08.692484Z  INFO arx::units::circuit_unit: arx/src/units/circuit_unit.rs:107: Circuit unit started
2025-10-08T14:14:08.692555Z  INFO arx::units::online_phase_unit: arx/src/units/online_phase_unit.rs:152: Online phase unit started
2025-10-08T14:14:08.692604Z  INFO arx::units::state_unit: arx/src/units/state_unit.rs:109: State unit started
2025-10-08T14:14:08.692638Z  INFO arx::coordinator: arx/src/coordinator.rs:198: Coordinator started
2025-10-08T14:14:08.692540Z  INFO arx::units::node_transaction_unit: arx/src/units/node_transaction_unit.rs:65: Node transaction unit started
2025-10-08T14:14:08.694024Z  INFO arx::units::node_transaction_unit: arx/src/units/node_transaction_unit.rs:67: Activating node
2025-10-08T14:14:08.692476Z  INFO arx::units::cluster_unit: arx/src/units/cluster_unit.rs:66: Cluster unit started
2025-10-08T14:14:08.692499Z  INFO arx::units::computation_unit: arx/src/units/computation_unit.rs:74: Inputs unit started
2025-10-08T14:14:08.694142Z DEBUG arx::units::cluster_unit: arx/src/units/cluster_unit.rs:68: Running pub/sub for arx node account
2025-10-08T14:14:08.692570Z  INFO arx::units::mempool_unit: arx/src/units/mempool_unit.rs:77: Mempool unit started
2025-10-08T14:14:08.694193Z DEBUG arx::units::mempool_unit: arx/src/units/mempool_unit.rs:79: Running pub/sub for mempools accounts
2025-10-08T14:14:08.694201Z DEBUG arx::units::cluster_unit: arx/src/units/cluster_unit.rs:78: Subscribing to arx node account
2025-10-08T14:14:08.694209Z  INFO arx::program: arx/src/program.rs:242: Pub/sub client started
2025-10-08T14:14:08.694214Z  INFO arx::program: arx/src/program.rs:244: Connecting initial pub/sub
2025-10-08T14:14:08.694265Z  INFO arx::program: arx/src/program.rs:242: Pub/sub client started
2025-10-08T14:14:08.694271Z  INFO arx::program: arx/src/program.rs:244: Connecting initial pub/sub
2025-10-08T14:14:08.694789Z  INFO arx::program: arx/src/program.rs:267: Fetching initial state for account: ELoRR19zrps1G3UYKcAxr7LKbw3kbqkVUXVY9dETMWN7
2025-10-08T14:14:08.695286Z  INFO arx::program: arx/src/program.rs:279: Subscribing to account: ELoRR19zrps1G3UYKcAxr7LKbw3kbqkVUXVY9dETMWN7
2025-10-08T14:14:08.695310Z DEBUG arx::units::cluster_unit: arx/src/units/cluster_unit.rs:101: Processing arx node update
2025-10-08T14:14:08.899909Z DEBUG arx::program: arx/src/program.rs:312: Received update for account: ELoRR19zrps1G3UYKcAxr7LKbw3kbqkVUXVY9dETMWN7
2025-10-08T14:14:08.899993Z DEBUG arx::units::cluster_unit: arx/src/units/cluster_unit.rs:101: Processing arx node update
2025-10-08T14:14:09.196692Z  INFO arx::units::node_transaction_unit: arx/src/units/node_transaction_unit.rs:70: Node activated
2025-10-08T14:14:09.196710Z DEBUG arx::coordinator: arx/src/coordinator.rs:204: Coordinator received activation unit message: activated
2025-10-08T14:14:09.196715Z DEBUG arx::coordinator: arx/src/coordinator.rs:251: Coordinator received cluster unit message: cluster: 0, status: Joined
2025-10-08T14:14:09.196742Z DEBUG arx::units::mxe_unit: arx/src/units/mxe_unit.rs:112: Subscribing to cluster: GgSqqAyH7AVY3Umcv8NvncrjFaNJuQLmxzxFxPoPW2Yd
2025-10-08T14:14:09.196749Z  INFO arx::program: arx/src/program.rs:267: Fetching initial state for account: GgSqqAyH7AVY3Umcv8NvncrjFaNJuQLmxzxFxPoPW2Yd
2025-10-08T14:14:09.196952Z  INFO arx::program: arx/src/program.rs:279: Subscribing to account: GgSqqAyH7AVY3Umcv8NvncrjFaNJuQLmxzxFxPoPW2Yd
2025-10-08T14:14:09.196989Z DEBUG arx::units::mxe_unit: arx/src/units/mxe_unit.rs:129: Processing cluster update for account: GgSqqAyH7AVY3Umcv8NvncrjFaNJuQLmxzxFxPoPW2Yd
2025-10-08T14:14:09.197000Z DEBUG arx::coordinator: arx/src/coordinator.rs:349: Coordinator received mxe unit message: cluster: GgSqqAyH7AVY3Umcv8NvncrjFaNJuQLmxzxFxPoPW2Yd, mxe: EEL1Q3J9MjPxTWagTKE39jpUVBjUg7q283ztTVzbveDz, status: Joined
2025-10-08T14:14:09.197025Z DEBUG arx::units::execpool_unit: arx/src/units/execpool_unit.rs:120: Subscribing to execpool account: 6Qt4SBbyza8Pp1MRJ4QBZz9fhNJNAk1FhuedtzVULK1U
2025-10-08T14:14:09.197025Z DEBUG arx::units::mempool_unit: arx/src/units/mempool_unit.rs:113: Subscribing to mempool account: 8tyjW9naJHWtDkxX4AHtkHi83vdsgnzP1gDUoiMPVuGN
2025-10-08T14:14:09.197033Z  INFO arx::program: arx/src/program.rs:267: Fetching initial state for account: 6Qt4SBbyza8Pp1MRJ4QBZz9fhNJNAk1FhuedtzVULK1U
2025-10-08T14:14:09.197041Z  INFO arx::program: arx/src/program.rs:267: Fetching initial state for account: 8tyjW9naJHWtDkxX4AHtkHi83vdsgnzP1gDUoiMPVuGN
2025-10-08T14:14:09.197284Z  INFO arx::program: arx/src/program.rs:279: Subscribing to account: 6Qt4SBbyza8Pp1MRJ4QBZz9fhNJNAk1FhuedtzVULK1U
2025-10-08T14:14:09.197319Z DEBUG arx::coordinator: arx/src/coordinator.rs:288: Coordinator received execpool unit message: computations ids: [1]
2025-10-08T14:14:09.197332Z DEBUG arx::units::state_unit: arx/src/units/state_unit.rs:231: Processing execpool update
2025-10-08T14:14:09.197336Z DEBUG arx::units::state_unit: arx/src/units/state_unit.rs:281: Prefetching and executing computation: ArxComputationReference (1,1) (cluster: GgSqqAyH7AVY3Umcv8NvncrjFaNJuQLmxzxFxPoPW2Yd, mxe: EEL1Q3J9MjPxTWagTKE39jpUVBjUg7q283ztTVzbveDz) with status (index: 0, executed: false)
2025-10-08T14:14:09.197344Z DEBUG arx::coordinator: arx/src/coordinator.rs:384: Coordinator received state unit message: prefetch computation: ArxComputationReference (1,1) (cluster: GgSqqAyH7AVY3Umcv8NvncrjFaNJuQLmxzxFxPoPW2Yd, mxe: EEL1Q3J9MjPxTWagTKE39jpUVBjUg7q283ztTVzbveDz)
2025-10-08T14:14:09.197338Z DEBUG arx::units::cache_unit: arx/src/units/cache_unit.rs:144: Processing queued computation: ArxComputationReference (1,1) (cluster: GgSqqAyH7AVY3Umcv8NvncrjFaNJuQLmxzxFxPoPW2Yd, mxe: EEL1Q3J9MjPxTWagTKE39jpUVBjUg7q283ztTVzbveDz)
2025-10-08T14:14:09.197355Z DEBUG arx::coordinator: arx/src/coordinator.rs:405: Coordinator received state unit message: execute computation: ArxComputationReference (1,1) (cluster: GgSqqAyH7AVY3Umcv8NvncrjFaNJuQLmxzxFxPoPW2Yd, mxe: EEL1Q3J9MjPxTWagTKE39jpUVBjUg7q283ztTVzbveDz)
2025-10-08T14:14:09.197367Z DEBUG arx::units::circuit_unit: arx/src/units/circuit_unit.rs:148: Processing computation definition: GSjDvGiKsfGTvcWJiTAVwHuVKefusPPYuFPVkbWGQjrd
2025-10-08T14:14:09.197379Z DEBUG arx::units::peers_unit: arx/src/units/peers_unit.rs:111: Processing cluster: GgSqqAyH7AVY3Umcv8NvncrjFaNJuQLmxzxFxPoPW2Yd
2025-10-08T14:14:09.197620Z  INFO arx::program: arx/src/program.rs:279: Subscribing to account: 8tyjW9naJHWtDkxX4AHtkHi83vdsgnzP1gDUoiMPVuGN
2025-10-08T14:14:09.197650Z DEBUG arx::units::mempool_unit: arx/src/units/mempool_unit.rs:136: Processing new mempool update for account: 8tyjW9naJHWtDkxX4AHtkHi83vdsgnzP1gDUoiMPVuGN
2025-10-08T14:14:09.197669Z DEBUG arx::units::mempool_unit: arx/src/units/mempool_unit.rs:175: Mempool account 8tyjW9naJHWtDkxX4AHtkHi83vdsgnzP1gDUoiMPVuGN contains the same computations, skipping update
2025-10-08T14:14:09.197838Z DEBUG arx::coordinator: arx/src/coordinator.rs:309: Coordinator prefetched computation ArxComputationReference (1,1) (cluster: GgSqqAyH7AVY3Umcv8NvncrjFaNJuQLmxzxFxPoPW2Yd, mxe: EEL1Q3J9MjPxTWagTKE39jpUVBjUg7q283ztTVzbveDz)
2025-10-08T14:14:09.197851Z DEBUG arx::coordinator: arx/src/coordinator.rs:312: Coordinator fetched computation ArxComputation 313596567011649142058152438551621015162 (cluster: GgSqqAyH7AVY3Umcv8NvncrjFaNJuQLmxzxFxPoPW2Yd, mxe: EEL1Q3J9MjPxTWagTKE39jpUVBjUg7q283ztTVzbveDz) inputs
2025-10-08T14:14:09.197857Z DEBUG arx::units::cache_unit: arx/src/units/cache_unit.rs:246: Processing fetched inputs: Cerberus Inputs
2025-10-08T14:14:09.198148Z DEBUG arx::units::circuit_unit: arx/src/units/circuit_unit.rs:198: Deserializing circuit data
2025-10-08T14:14:09.198329Z DEBUG arx::coordinator: arx/src/coordinator.rs:373: Coordinator received peers unit message
2025-10-08T14:14:09.198333Z DEBUG arx::units::cache_unit: arx/src/units/cache_unit.rs:209: Processing fetched peers: PeersInfo { cluster: GgSqqAyH7AVY3Umcv8NvncrjFaNJuQLmxzxFxPoPW2Yd, peer_number: 0 }
2025-10-08T14:14:09.200384Z DEBUG arx::units::circuit_unit: arx/src/units/circuit_unit.rs:215: Inserting circuit info into cache
2025-10-08T14:14:09.200411Z DEBUG arx::coordinator: arx/src/coordinator.rs:241: Coordinator received circuit unit message
2025-10-08T14:14:09.200416Z DEBUG arx::units::cache_unit: arx/src/units/cache_unit.rs:170: Processing fetched circuit: CircuitInfo GSjDvGiKsfGTvcWJiTAVwHuVKefusPPYuFPVkbWGQjrd
2025-10-08T14:14:09.200422Z DEBUG arx::coordinator: arx/src/coordinator.rs:221: Coordinator received cache unit message
2025-10-08T14:14:09.200426Z DEBUG arx::coordinator: arx/src/coordinator.rs:221: Coordinator received cache unit message
2025-10-08T14:14:09.200430Z DEBUG arx::units::state_unit: arx/src/units/state_unit.rs:296: Processing prefetched computation
2025-10-08T14:14:09.200437Z  WARN arx::units::online_phase_unit: arx/src/units/online_phase_unit.rs:195: Overwriting existing private shares for MXE keygen computation
2025-10-08T14:14:09.200467Z  INFO arx::units::online_phase_unit: arx/src/units/online_phase_unit.rs:326: Processing Cerberus computation with id 313596567011649142058152438551621015162
2025-10-08T14:14:09.200470Z DEBUG arx::units::online_phase_unit: arx/src/units/online_phase_unit.rs:328: Connecting to peers (313596567011649142058152438551621015162)
2025-10-08T14:14:09.200479Z DEBUG network::router::network_router: /home/runner/.cargo/git/checkouts/async-mpc-1dbbf554a14e7a32/b307074/network/src/router/network_router.rs:79: Handling connection request to peer 53fdb6    
2025-10-08T14:14:09.200482Z DEBUG network::router::state::connection_handlers: /home/runner/.cargo/git/checkouts/async-mpc-1dbbf554a14e7a32/b307074/network/src/router/state/connection_handlers.rs:44: Handling internal connection request: ConnectionRequest { expected_peer_id: 53fdb6, peer_addr: 172.20.0.101:8001, response_sender: Sender { inner: Some(Inner { state: State { is_complete: false, is_closed: false, is_rx_task_set: true, is_tx_task_set: false } }) } }    
2025-10-08T14:14:09.200488Z DEBUG network::router::state::connection_handlers: /home/runner/.cargo/git/checkouts/async-mpc-1dbbf554a14e7a32/b307074/network/src/router/state/connection_handlers.rs:65: Connection not established yet: 172.20.0.101:8001    
2025-10-08T14:14:09.200498Z DEBUG network::router::state::connection_handlers: /home/runner/.cargo/git/checkouts/async-mpc-1dbbf554a14e7a32/b307074/network/src/router/state/connection_handlers.rs:100: Connecting to peer: 172.20.0.101:8001    
2025-10-08T14:14:09.200645Z DEBUG network::router::state::connection_handlers: /home/runner/.cargo/git/checkouts/async-mpc-1dbbf554a14e7a32/b307074/network/src/router/state/connection_handlers.rs:128: Connecting and checking ID of peer: 172.20.0.101:8001    
2025-10-08T14:14:09.200651Z DEBUG network::router::network_router: /home/runner/.cargo/git/checkouts/async-mpc-1dbbf554a14e7a32/b307074/network/src/router/network_router.rs:85: Connection request to peer 53fdb6 handled    
2025-10-08T14:14:09.201857Z DEBUG network::router::state::connection_handlers: /home/runner/.cargo/git/checkouts/async-mpc-1dbbf554a14e7a32/b307074/network/src/router/state/connection_handlers.rs:280: Checking connection liveness to peer: 172.20.0.101:8001    
2025-10-08T14:14:09.202095Z DEBUG network::router::state::connection_handlers: /home/runner/.cargo/git/checkouts/async-mpc-1dbbf554a14e7a32/b307074/network/src/router/state/connection_handlers.rs:168: Outcome of connection to peer 172.20.0.101:8001 sent.    
2025-10-08T14:14:09.202110Z DEBUG network::router::state::connection_handlers: /home/runner/.cargo/git/checkouts/async-mpc-1dbbf554a14e7a32/b307074/network/src/router/state/connection_handlers.rs:188: Handling established connection to peer: 172.20.0.101:8001    
2025-10-08T14:14:09.202124Z  INFO network::router::state::substream_handlers: /home/runner/.cargo/git/checkouts/async-mpc-1dbbf554a14e7a32/b307074/network/src/router/state/substream_handlers.rs:217: Listening to substream requests from address 172.20.0.101:8001.    
2025-10-08T14:14:09.202140Z DEBUG arx::units::online_phase_unit: arx/src/units/online_phase_unit.rs:343: Connected to peers (313596567011649142058152438551621015162)
2025-10-08T14:14:09.202196Z DEBUG network::router::network_router: /home/runner/.cargo/git/checkouts/async-mpc-1dbbf554a14e7a32/b307074/network/src/router/network_router.rs:105: Opening substream for protocol (313596567011649142058152438551621015162, 0) with peer 53fdb6    
2025-10-08T14:14:09.202213Z  INFO network::router::network_router: /home/runner/.cargo/git/checkouts/async-mpc-1dbbf554a14e7a32/b307074/network/src/router/network_router.rs:273: Opened substreams for protocol 313596567011649142058152438551621015162    
2025-10-08T14:14:09.250591Z DEBUG arx::units::online_phase_unit: arx/src/units/online_phase_unit.rs:255: Output of computation is: ArxComputationOutput { computation: ArxComputation 313596567011649142058152438551621015162 (cluster: GgSqqAyH7AVY3Umcv8NvncrjFaNJuQLmxzxFxPoPW2Yd, mxe: EEL1Q3J9MjPxTWagTKE39jpUVBjUg7q283ztTVzbveDz), outputs: Success([[48, 63, 164, 80, 17, 116, 89, 105, 43, 254, 149, 180, 75, 237, 237, 241, 161, 125, 165, 237, 31, 85, 126, 115, 133, 131, 242, 94, 156, 202, 84, 37]]) } (313596567011649142058152438551621015162)
2025-10-08T14:14:09.250620Z DEBUG arx::coordinator: arx/src/coordinator.rs:364: Coordinator received online unit output: ArxComputationOutput { computation: ArxComputation 313596567011649142058152438551621015162 (cluster: GgSqqAyH7AVY3Umcv8NvncrjFaNJuQLmxzxFxPoPW2Yd, mxe: EEL1Q3J9MjPxTWagTKE39jpUVBjUg7q283ztTVzbveDz), outputs: Success([[48, 63, 164, 80, 17, 116, 89, 105, 43, 254, 149, 180, 75, 237, 237, 241, 161, 125, 165, 237, 31, 85, 126, 115, 133, 131, 242, 94, 156, 202, 84, 37]]) }
2025-10-08T14:14:09.250634Z DEBUG arx::units::computation_transaction_unit: arx/src/units/computation_transaction_unit.rs:162: Processing callback for computation ArxComputation 313596567011649142058152438551621015162 (cluster: GgSqqAyH7AVY3Umcv8NvncrjFaNJuQLmxzxFxPoPW2Yd, mxe: EEL1Q3J9MjPxTWagTKE39jpUVBjUg7q283ztTVzbveDz)
2025-10-08T14:14:09.250790Z  INFO network::labeled_interface::handlers: /home/runner/.cargo/git/checkouts/async-mpc-1dbbf554a14e7a32/b307074/network/src/labeled_interface/handlers.rs:86: Interface e4ce8a dropped.    
2025-10-08T14:14:09.250827Z  INFO network::labeled_interface::interface: /home/runner/.cargo/git/checkouts/async-mpc-1dbbf554a14e7a32/b307074/network/src/labeled_interface/interface.rs:415: Interface e4ce8a dropped.    
2025-10-08T14:14:09.251430Z  INFO network::labeled_interface::handlers: /home/runner/.cargo/git/checkouts/async-mpc-1dbbf554a14e7a32/b307074/network/src/labeled_interface/handlers.rs:53: Router closed interface e4ce8a.    
2025-10-08T14:14:09.251446Z  INFO network::router::state::substream_handlers: /home/runner/.cargo/git/checkouts/async-mpc-1dbbf554a14e7a32/b307074/network/src/router/state/substream_handlers.rs:197: Removed protocol ID (313596567011649142058152438551621015162, 0) for peer 53fdb6.    
2025-10-08T14:14:09.700443Z DEBUG arx::program: arx/src/program.rs:312: Received update for account: GgSqqAyH7AVY3Umcv8NvncrjFaNJuQLmxzxFxPoPW2Yd
2025-10-08T14:14:09.700480Z DEBUG arx::units::mxe_unit: arx/src/units/mxe_unit.rs:129: Processing cluster update for account: GgSqqAyH7AVY3Umcv8NvncrjFaNJuQLmxzxFxPoPW2Yd
2025-10-08T14:14:09.754013Z DEBUG arx::units::computation_transaction_unit: arx/src/units/computation_transaction_unit.rs:219: Sent set_mxe_keys tx for mxe EEL1Q3J9MjPxTWagTKE39jpUVBjUg7q283ztTVzbveDz with sig 3vqiJUgFVPGhf5Qqr6z3NrV7eep9Xnac1McfASu6ZhEecSG6JNURuxspUj6m6vKmETik5QXm3uZB3wDA8QCSUhC2
2025-10-08T14:14:10.029199Z DEBUG arx::program: arx/src/program.rs:312: Received update for account: GgSqqAyH7AVY3Umcv8NvncrjFaNJuQLmxzxFxPoPW2Yd
2025-10-08T14:14:10.029227Z DEBUG arx::units::mxe_unit: arx/src/units/mxe_unit.rs:129: Processing cluster update for account: GgSqqAyH7AVY3Umcv8NvncrjFaNJuQLmxzxFxPoPW2Yd
2025-10-08T14:14:10.029291Z DEBUG arx::program: arx/src/program.rs:312: Received update for account: 6Qt4SBbyza8Pp1MRJ4QBZz9fhNJNAk1FhuedtzVULK1U
2025-10-08T14:14:10.029309Z DEBUG arx::program: arx/src/program.rs:312: Received update for account: 8tyjW9naJHWtDkxX4AHtkHi83vdsgnzP1gDUoiMPVuGN
2025-10-08T14:14:10.029363Z DEBUG arx::coordinator: arx/src/coordinator.rs:288: Coordinator received execpool unit message: computations ids: []
2025-10-08T14:14:10.029372Z DEBUG arx::units::state_unit: arx/src/units/state_unit.rs:231: Processing execpool update
2025-10-08T14:14:10.029377Z DEBUG arx::units::state_unit: arx/src/units/state_unit.rs:255: Removing computation from execpool: ArxComputationReference (1,1) (cluster: GgSqqAyH7AVY3Umcv8NvncrjFaNJuQLmxzxFxPoPW2Yd, mxe: EEL1Q3J9MjPxTWagTKE39jpUVBjUg7q283ztTVzbveDz)
2025-10-08T14:14:10.029387Z DEBUG arx::coordinator: arx/src/coordinator.rs:423: Coordinator received state unit message: executed computation: ArxComputationReference (1,1) (cluster: GgSqqAyH7AVY3Umcv8NvncrjFaNJuQLmxzxFxPoPW2Yd, mxe: EEL1Q3J9MjPxTWagTKE39jpUVBjUg7q283ztTVzbveDz)
2025-10-08T14:14:10.029396Z DEBUG arx::units::cache_unit: arx/src/units/cache_unit.rs:278: Processing executed computation: ArxComputationReference (1,1) (cluster: GgSqqAyH7AVY3Umcv8NvncrjFaNJuQLmxzxFxPoPW2Yd, mxe: EEL1Q3J9MjPxTWagTKE39jpUVBjUg7q283ztTVzbveDz)
2025-10-08T14:14:10.029401Z DEBUG arx::units::cache_unit: arx/src/units/cache_unit.rs:282: Computation executed and removed from cache: ArxComputationReference (1,1) (cluster: GgSqqAyH7AVY3Umcv8NvncrjFaNJuQLmxzxFxPoPW2Yd, mxe: EEL1Q3J9MjPxTWagTKE39jpUVBjUg7q283ztTVzbveDz)
2025-10-08T14:14:10.029620Z DEBUG arx::units::mempool_unit: arx/src/units/mempool_unit.rs:136: Processing new mempool update for account: 8tyjW9naJHWtDkxX4AHtkHi83vdsgnzP1gDUoiMPVuGN
2025-10-08T14:14:10.029628Z DEBUG arx::units::mempool_unit: arx/src/units/mempool_unit.rs:175: Mempool account 8tyjW9naJHWtDkxX4AHtkHi83vdsgnzP1gDUoiMPVuGN contains the same computations, skipping update
2025-10-08T14:14:10.257091Z DEBUG arx::units::computation_transaction_unit: arx/src/units/computation_transaction_unit.rs:342: Callback computation tx for mxe EEL1Q3J9MjPxTWagTKE39jpUVBjUg7q283ztTVzbveDz already sent
2025-10-08T14:14:10.257132Z DEBUG arx::coordinator: arx/src/coordinator.rs:265: Coordinator received computation transaction unit callback computation: ArxComputationReference (1,1) (cluster: GgSqqAyH7AVY3Umcv8NvncrjFaNJuQLmxzxFxPoPW2Yd, mxe: EEL1Q3J9MjPxTWagTKE39jpUVBjUg7q283ztTVzbveDz)
2025-10-08T14:14:10.257151Z DEBUG arx::units::state_unit: arx/src/units/state_unit.rs:311: Processing executed computation
2025-10-08T14:14:10.257155Z DEBUG arx::units::cache_unit: arx/src/units/cache_unit.rs:278: Processing executed computation: ArxComputationReference (1,1) (cluster: GgSqqAyH7AVY3Umcv8NvncrjFaNJuQLmxzxFxPoPW2Yd, mxe: EEL1Q3J9MjPxTWagTKE39jpUVBjUg7q283ztTVzbveDz)
2025-10-08T14:14:10.257167Z  WARN arx::units::cache_unit: arx/src/units/cache_unit.rs:289: Computation info not found in cache: ArxComputationReference (1,1) (cluster: GgSqqAyH7AVY3Umcv8NvncrjFaNJuQLmxzxFxPoPW2Yd, mxe: EEL1Q3J9MjPxTWagTKE39jpUVBjUg7q283ztTVzbveDz)
2025-10-08T14:14:20.151377Z  WARN arx::program: arx/src/program.rs:322: Pub/sub connection closed or error occurred, reconnecting...
2025-10-08T14:14:20.151399Z  WARN arx::program: arx/src/program.rs:322: Pub/sub connection closed or error occurred, reconnecting...
2025-10-08T14:14:20.151384Z  WARN arx::program: arx/src/program.rs:322: Pub/sub connection closed or error occurred, reconnecting...
2025-10-08T14:14:20.151417Z  WARN arx::program: arx/src/program.rs:322: Pub/sub connection closed or error occurred, reconnecting...
2025-10-08T14:14:20.151431Z  INFO arx::program: arx/src/program.rs:327: Reconnecting pub/sub client
2025-10-08T14:14:20.151434Z  INFO arx::program: arx/src/program.rs:327: Reconnecting pub/sub client
2025-10-08T14:14:20.151441Z  INFO arx::program: arx/src/program.rs:327: Reconnecting pub/sub client
2025-10-08T14:14:20.151450Z  INFO arx::program: arx/src/program.rs:327: Reconnecting pub/sub client
2025-10-08T14:14:20.151823Z  WARN arx::program: arx/src/program.rs:375: Attempt 1/5: Failed to create new pub/sub: unable to connect to server
2025-10-08T14:14:20.151853Z  WARN arx::program: arx/src/program.rs:375: Attempt 1/5: Failed to create new pub/sub: unable to connect to server
2025-10-08T14:14:20.151864Z  WARN arx::program: arx/src/program.rs:375: Attempt 1/5: Failed to create new pub/sub: unable to connect to server
2025-10-08T14:14:20.152132Z  WARN arx::program: arx/src/program.rs:375: Attempt 1/5: Failed to create new pub/sub: unable to connect to server
2025-10-08T14:14:21.153004Z  WARN arx::program: arx/src/program.rs:375: Attempt 2/5: Failed to create new pub/sub: unable to connect to server
2025-10-08T14:14:21.153038Z  WARN arx::program: arx/src/program.rs:375: Attempt 2/5: Failed to create new pub/sub: unable to connect to server
2025-10-08T14:14:21.153052Z  WARN arx::program: arx/src/program.rs:375: Attempt 2/5: Failed to create new pub/sub: unable to connect to server
2025-10-08T14:14:21.153060Z  WARN arx::program: arx/src/program.rs:375: Attempt 2/5: Failed to create new pub/sub: unable to connect to server
2025-10-08T14:14:23.154342Z  WARN arx::program: arx/src/program.rs:375: Attempt 3/5: Failed to create new pub/sub: unable to connect to server
2025-10-08T14:14:23.154357Z  WARN arx::program: arx/src/program.rs:375: Attempt 3/5: Failed to create new pub/sub: unable to connect to server
2025-10-08T14:14:23.154360Z  WARN arx::program: arx/src/program.rs:375: Attempt 3/5: Failed to create new pub/sub: unable to connect to server
2025-10-08T14:14:23.154360Z  WARN arx::program: arx/src/program.rs:375: Attempt 3/5: Failed to create new pub/sub: unable to connect to server
2025-10-08T14:14:27.156711Z  WARN arx::program: arx/src/program.rs:375: Attempt 4/5: Failed to create new pub/sub: unable to connect to server
2025-10-08T14:14:27.156711Z  WARN arx::program: arx/src/program.rs:375: Attempt 4/5: Failed to create new pub/sub: unable to connect to server
2025-10-08T14:14:27.156753Z  WARN arx::program: arx/src/program.rs:375: Attempt 4/5: Failed to create new pub/sub: unable to connect to server
2025-10-08T14:14:27.156761Z  WARN arx::program: arx/src/program.rs:375: Attempt 4/5: Failed to create new pub/sub: unable to connect to server
