2025-10-05T12:33:10.388494Z DEBUG arx: arx/src/main.rs:53: Checking Solana is up and running
2025-10-05T12:33:10.441204Z  INFO arx: arx/src/main.rs:58: Running ARX
2025-10-05T12:33:10.441223Z DEBUG arx: arx/src/main.rs:60: Reading node keypair, callback authority keypair, and identity files from env
2025-10-05T12:33:10.441227Z DEBUG arx: arx/src/main.rs:68: Reading node keypair, callback authority keypair, and identity files
2025-10-05T12:33:10.442371Z DEBUG arx: arx/src/main.rs:78: Installing AWS LC crypto provider
2025-10-05T12:33:10.442782Z  INFO arx: arx/src/main.rs:83: Creating ARX coordinator
2025-10-05T12:33:10.541010Z  INFO arx: arx/src/main.rs:93: Coordinator created successfully
2025-10-05T12:33:10.541027Z  INFO arx: arx/src/main.rs:102: Starting ARX coordinator
2025-10-05T12:33:10.541030Z  INFO arx: arx/src/main.rs:105: Waiting for Ctrl+C
2025-10-05T12:33:10.541386Z  INFO arx::units::state_unit: arx/src/units/state_unit.rs:109: State unit started
2025-10-05T12:33:10.541384Z  INFO arx::units::cache_unit: arx/src/units/cache_unit.rs:88: Cache unit started
2025-10-05T12:33:10.541378Z  INFO arx::units::circuit_unit: arx/src/units/circuit_unit.rs:107: Circuit unit started
2025-10-05T12:33:10.541386Z  INFO arx::coordinator: arx/src/coordinator.rs:198: Coordinator started
2025-10-05T12:33:10.541386Z  INFO arx::units::cluster_unit: arx/src/units/cluster_unit.rs:66: Cluster unit started
2025-10-05T12:33:10.541420Z DEBUG arx::units::cluster_unit: arx/src/units/cluster_unit.rs:68: Running pub/sub for arx node account
2025-10-05T12:33:10.541457Z DEBUG arx::units::cluster_unit: arx/src/units/cluster_unit.rs:78: Subscribing to arx node account
2025-10-05T12:33:10.541631Z  INFO arx::units::mxe_unit: arx/src/units/mxe_unit.rs:75: MXE unit started
2025-10-05T12:33:10.541646Z DEBUG arx::units::mxe_unit: arx/src/units/mxe_unit.rs:77: Running pub/sub for clusters accounts
2025-10-05T12:33:10.541664Z  INFO arx::units::mempool_unit: arx/src/units/mempool_unit.rs:77: Mempool unit started
2025-10-05T12:33:10.541690Z DEBUG arx::units::mempool_unit: arx/src/units/mempool_unit.rs:79: Running pub/sub for mempools accounts
2025-10-05T12:33:10.541692Z  INFO arx::units::node_transaction_unit: arx/src/units/node_transaction_unit.rs:65: Node transaction unit started
2025-10-05T12:33:10.541712Z  INFO arx::units::node_transaction_unit: arx/src/units/node_transaction_unit.rs:67: Activating node
2025-10-05T12:33:10.542095Z  INFO arx::program: arx/src/program.rs:242: Pub/sub client started
2025-10-05T12:33:10.542102Z  INFO arx::program: arx/src/program.rs:242: Pub/sub client started
2025-10-05T12:33:10.542118Z  INFO arx::program: arx/src/program.rs:244: Connecting initial pub/sub
2025-10-05T12:33:10.542127Z  INFO arx::program: arx/src/program.rs:244: Connecting initial pub/sub
2025-10-05T12:33:10.542119Z  INFO arx::program: arx/src/program.rs:242: Pub/sub client started
2025-10-05T12:33:10.542142Z  INFO arx::program: arx/src/program.rs:244: Connecting initial pub/sub
2025-10-05T12:33:10.541425Z  INFO arx::units::peers_unit: arx/src/units/peers_unit.rs:76: Peers unit started
2025-10-05T12:33:10.541630Z  INFO arx::units::computation_unit: arx/src/units/computation_unit.rs:74: Inputs unit started
2025-10-05T12:33:10.541754Z  INFO arx::units::online_phase_unit: arx/src/units/online_phase_unit.rs:152: Online phase unit started
2025-10-05T12:33:10.541592Z  INFO arx::units::computation_transaction_unit: arx/src/units/computation_transaction_unit.rs:89: Computation transaction unit started
2025-10-05T12:33:10.541595Z  INFO arx::units::execpool_unit: arx/src/units/execpool_unit.rs:80: Execpool unit started
2025-10-05T12:33:10.542945Z DEBUG arx::units::execpool_unit: arx/src/units/execpool_unit.rs:82: Running pub/sub for mempools accounts
2025-10-05T12:33:10.543010Z  INFO arx::program: arx/src/program.rs:242: Pub/sub client started
2025-10-05T12:33:10.543014Z  INFO arx::program: arx/src/program.rs:244: Connecting initial pub/sub
2025-10-05T12:33:10.544169Z  INFO arx::program: arx/src/program.rs:267: Fetching initial state for account: ELoRR19zrps1G3UYKcAxr7LKbw3kbqkVUXVY9dETMWN7
2025-10-05T12:33:10.544598Z  INFO arx::program: arx/src/program.rs:279: Subscribing to account: ELoRR19zrps1G3UYKcAxr7LKbw3kbqkVUXVY9dETMWN7
2025-10-05T12:33:10.544625Z DEBUG arx::units::cluster_unit: arx/src/units/cluster_unit.rs:101: Processing arx node update
2025-10-05T12:33:10.917755Z DEBUG arx::program: arx/src/program.rs:312: Received update for account: ELoRR19zrps1G3UYKcAxr7LKbw3kbqkVUXVY9dETMWN7
2025-10-05T12:33:10.917825Z DEBUG arx::units::cluster_unit: arx/src/units/cluster_unit.rs:101: Processing arx node update
2025-10-05T12:33:11.054413Z  INFO arx::units::node_transaction_unit: arx/src/units/node_transaction_unit.rs:70: Node activated
2025-10-05T12:33:11.054438Z DEBUG arx::coordinator: arx/src/coordinator.rs:204: Coordinator received activation unit message: activated
2025-10-05T12:33:11.054445Z DEBUG arx::coordinator: arx/src/coordinator.rs:251: Coordinator received cluster unit message: cluster: 0, status: Joined
2025-10-05T12:33:11.054464Z DEBUG arx::units::mxe_unit: arx/src/units/mxe_unit.rs:112: Subscribing to cluster: GgSqqAyH7AVY3Umcv8NvncrjFaNJuQLmxzxFxPoPW2Yd
2025-10-05T12:33:11.054472Z  INFO arx::program: arx/src/program.rs:267: Fetching initial state for account: GgSqqAyH7AVY3Umcv8NvncrjFaNJuQLmxzxFxPoPW2Yd
2025-10-05T12:33:11.054782Z  INFO arx::program: arx/src/program.rs:279: Subscribing to account: GgSqqAyH7AVY3Umcv8NvncrjFaNJuQLmxzxFxPoPW2Yd
2025-10-05T12:33:11.054823Z DEBUG arx::units::mxe_unit: arx/src/units/mxe_unit.rs:129: Processing cluster update for account: GgSqqAyH7AVY3Umcv8NvncrjFaNJuQLmxzxFxPoPW2Yd
2025-10-05T12:33:11.054833Z DEBUG arx::coordinator: arx/src/coordinator.rs:349: Coordinator received mxe unit message: cluster: GgSqqAyH7AVY3Umcv8NvncrjFaNJuQLmxzxFxPoPW2Yd, mxe: EEL1Q3J9MjPxTWagTKE39jpUVBjUg7q283ztTVzbveDz, status: Joined
2025-10-05T12:33:11.054854Z DEBUG arx::units::execpool_unit: arx/src/units/execpool_unit.rs:120: Subscribing to execpool account: 6Qt4SBbyza8Pp1MRJ4QBZz9fhNJNAk1FhuedtzVULK1U
2025-10-05T12:33:11.054860Z  INFO arx::program: arx/src/program.rs:267: Fetching initial state for account: 6Qt4SBbyza8Pp1MRJ4QBZz9fhNJNAk1FhuedtzVULK1U
2025-10-05T12:33:11.054878Z DEBUG arx::units::mempool_unit: arx/src/units/mempool_unit.rs:113: Subscribing to mempool account: 8tyjW9naJHWtDkxX4AHtkHi83vdsgnzP1gDUoiMPVuGN
2025-10-05T12:33:11.054909Z  INFO arx::program: arx/src/program.rs:267: Fetching initial state for account: 8tyjW9naJHWtDkxX4AHtkHi83vdsgnzP1gDUoiMPVuGN
2025-10-05T12:33:11.055447Z  INFO arx::program: arx/src/program.rs:279: Subscribing to account: 6Qt4SBbyza8Pp1MRJ4QBZz9fhNJNAk1FhuedtzVULK1U
2025-10-05T12:33:11.055507Z DEBUG arx::coordinator: arx/src/coordinator.rs:288: Coordinator received execpool unit message: computations ids: [1]
2025-10-05T12:33:11.055529Z DEBUG arx::units::state_unit: arx/src/units/state_unit.rs:231: Processing execpool update
2025-10-05T12:33:11.055537Z DEBUG arx::units::state_unit: arx/src/units/state_unit.rs:281: Prefetching and executing computation: ArxComputationReference (1,1) (cluster: GgSqqAyH7AVY3Umcv8NvncrjFaNJuQLmxzxFxPoPW2Yd, mxe: EEL1Q3J9MjPxTWagTKE39jpUVBjUg7q283ztTVzbveDz) with status (index: 0, executed: false)
2025-10-05T12:33:11.055554Z DEBUG arx::coordinator: arx/src/coordinator.rs:384: Coordinator received state unit message: prefetch computation: ArxComputationReference (1,1) (cluster: GgSqqAyH7AVY3Umcv8NvncrjFaNJuQLmxzxFxPoPW2Yd, mxe: EEL1Q3J9MjPxTWagTKE39jpUVBjUg7q283ztTVzbveDz)
2025-10-05T12:33:11.055584Z DEBUG arx::coordinator: arx/src/coordinator.rs:405: Coordinator received state unit message: execute computation: ArxComputationReference (1,1) (cluster: GgSqqAyH7AVY3Umcv8NvncrjFaNJuQLmxzxFxPoPW2Yd, mxe: EEL1Q3J9MjPxTWagTKE39jpUVBjUg7q283ztTVzbveDz)
2025-10-05T12:33:11.055597Z DEBUG arx::units::cache_unit: arx/src/units/cache_unit.rs:144: Processing queued computation: ArxComputationReference (1,1) (cluster: GgSqqAyH7AVY3Umcv8NvncrjFaNJuQLmxzxFxPoPW2Yd, mxe: EEL1Q3J9MjPxTWagTKE39jpUVBjUg7q283ztTVzbveDz)
2025-10-05T12:33:11.055616Z DEBUG arx::units::peers_unit: arx/src/units/peers_unit.rs:111: Processing cluster: GgSqqAyH7AVY3Umcv8NvncrjFaNJuQLmxzxFxPoPW2Yd
2025-10-05T12:33:11.055620Z  INFO arx::program: arx/src/program.rs:279: Subscribing to account: 8tyjW9naJHWtDkxX4AHtkHi83vdsgnzP1gDUoiMPVuGN
2025-10-05T12:33:11.055623Z DEBUG arx::units::circuit_unit: arx/src/units/circuit_unit.rs:148: Processing computation definition: GSjDvGiKsfGTvcWJiTAVwHuVKefusPPYuFPVkbWGQjrd
2025-10-05T12:33:11.055706Z DEBUG arx::units::mempool_unit: arx/src/units/mempool_unit.rs:136: Processing new mempool update for account: 8tyjW9naJHWtDkxX4AHtkHi83vdsgnzP1gDUoiMPVuGN
2025-10-05T12:33:11.055722Z DEBUG arx::units::mempool_unit: arx/src/units/mempool_unit.rs:175: Mempool account 8tyjW9naJHWtDkxX4AHtkHi83vdsgnzP1gDUoiMPVuGN contains the same computations, skipping update
2025-10-05T12:33:11.056071Z DEBUG arx::coordinator: arx/src/coordinator.rs:309: Coordinator prefetched computation ArxComputationReference (1,1) (cluster: GgSqqAyH7AVY3Umcv8NvncrjFaNJuQLmxzxFxPoPW2Yd, mxe: EEL1Q3J9MjPxTWagTKE39jpUVBjUg7q283ztTVzbveDz)
2025-10-05T12:33:11.056083Z DEBUG arx::coordinator: arx/src/coordinator.rs:312: Coordinator fetched computation ArxComputation 313596567011649142058152438551621015162 (cluster: GgSqqAyH7AVY3Umcv8NvncrjFaNJuQLmxzxFxPoPW2Yd, mxe: EEL1Q3J9MjPxTWagTKE39jpUVBjUg7q283ztTVzbveDz) inputs
2025-10-05T12:33:11.056094Z DEBUG arx::units::cache_unit: arx/src/units/cache_unit.rs:246: Processing fetched inputs: Cerberus Inputs
2025-10-05T12:33:11.060897Z DEBUG arx::coordinator: arx/src/coordinator.rs:373: Coordinator received peers unit message
2025-10-05T12:33:11.060914Z DEBUG arx::units::cache_unit: arx/src/units/cache_unit.rs:209: Processing fetched peers: PeersInfo { cluster: GgSqqAyH7AVY3Umcv8NvncrjFaNJuQLmxzxFxPoPW2Yd, peer_number: 0 }
2025-10-05T12:33:11.061851Z DEBUG arx::units::circuit_unit: arx/src/units/circuit_unit.rs:198: Deserializing circuit data
2025-10-05T12:33:11.064952Z DEBUG arx::units::circuit_unit: arx/src/units/circuit_unit.rs:215: Inserting circuit info into cache
2025-10-05T12:33:11.064973Z DEBUG arx::coordinator: arx/src/coordinator.rs:241: Coordinator received circuit unit message
2025-10-05T12:33:11.064979Z DEBUG arx::units::cache_unit: arx/src/units/cache_unit.rs:170: Processing fetched circuit: CircuitInfo GSjDvGiKsfGTvcWJiTAVwHuVKefusPPYuFPVkbWGQjrd
2025-10-05T12:33:11.064985Z DEBUG arx::coordinator: arx/src/coordinator.rs:221: Coordinator received cache unit message
2025-10-05T12:33:11.064989Z DEBUG arx::coordinator: arx/src/coordinator.rs:221: Coordinator received cache unit message
2025-10-05T12:33:11.064993Z DEBUG arx::units::state_unit: arx/src/units/state_unit.rs:296: Processing prefetched computation
2025-10-05T12:33:11.065121Z  INFO arx::units::online_phase_unit: arx/src/units/online_phase_unit.rs:326: Processing Cerberus computation with id 313596567011649142058152438551621015162
2025-10-05T12:33:11.065131Z DEBUG arx::units::online_phase_unit: arx/src/units/online_phase_unit.rs:328: Connecting to peers (313596567011649142058152438551621015162)
2025-10-05T12:33:11.065142Z DEBUG network::router::network_router: /home/runner/.cargo/git/checkouts/async-mpc-1dbbf554a14e7a32/b307074/network/src/router/network_router.rs:79: Handling connection request to peer 53fdb6    
2025-10-05T12:33:11.065149Z DEBUG network::router::state::connection_handlers: /home/runner/.cargo/git/checkouts/async-mpc-1dbbf554a14e7a32/b307074/network/src/router/state/connection_handlers.rs:44: Handling internal connection request: ConnectionRequest { expected_peer_id: 53fdb6, peer_addr: 172.20.0.101:8001, response_sender: Sender { inner: Some(Inner { state: State { is_complete: false, is_closed: false, is_rx_task_set: true, is_tx_task_set: false } }) } }    
2025-10-05T12:33:11.065155Z DEBUG network::router::state::connection_handlers: /home/runner/.cargo/git/checkouts/async-mpc-1dbbf554a14e7a32/b307074/network/src/router/state/connection_handlers.rs:65: Connection not established yet: 172.20.0.101:8001    
2025-10-05T12:33:11.065157Z DEBUG network::router::state::connection_handlers: /home/runner/.cargo/git/checkouts/async-mpc-1dbbf554a14e7a32/b307074/network/src/router/state/connection_handlers.rs:100: Connecting to peer: 172.20.0.101:8001    
2025-10-05T12:33:11.067314Z DEBUG network::router::state::connection_handlers: /home/runner/.cargo/git/checkouts/async-mpc-1dbbf554a14e7a32/b307074/network/src/router/state/connection_handlers.rs:128: Connecting and checking ID of peer: 172.20.0.101:8001    
2025-10-05T12:33:11.067329Z DEBUG network::router::network_router: /home/runner/.cargo/git/checkouts/async-mpc-1dbbf554a14e7a32/b307074/network/src/router/network_router.rs:85: Connection request to peer 53fdb6 handled    
2025-10-05T12:33:11.069906Z DEBUG network::router::state::connection_handlers: /home/runner/.cargo/git/checkouts/async-mpc-1dbbf554a14e7a32/b307074/network/src/router/state/connection_handlers.rs:280: Checking connection liveness to peer: 172.20.0.101:8001    
2025-10-05T12:33:11.070936Z DEBUG network::router::state::connection_handlers: /home/runner/.cargo/git/checkouts/async-mpc-1dbbf554a14e7a32/b307074/network/src/router/state/connection_handlers.rs:168: Outcome of connection to peer 172.20.0.101:8001 sent.    
2025-10-05T12:33:11.071020Z DEBUG network::router::state::connection_handlers: /home/runner/.cargo/git/checkouts/async-mpc-1dbbf554a14e7a32/b307074/network/src/router/state/connection_handlers.rs:188: Handling established connection to peer: 172.20.0.101:8001    
2025-10-05T12:33:11.071186Z  INFO network::router::state::substream_handlers: /home/runner/.cargo/git/checkouts/async-mpc-1dbbf554a14e7a32/b307074/network/src/router/state/substream_handlers.rs:217: Listening to substream requests from address 172.20.0.101:8001.    
2025-10-05T12:33:11.071331Z DEBUG arx::units::online_phase_unit: arx/src/units/online_phase_unit.rs:343: Connected to peers (313596567011649142058152438551621015162)
2025-10-05T12:33:11.071489Z DEBUG network::router::network_router: /home/runner/.cargo/git/checkouts/async-mpc-1dbbf554a14e7a32/b307074/network/src/router/network_router.rs:105: Opening substream for protocol (313596567011649142058152438551621015162, 0) with peer 53fdb6    
2025-10-05T12:33:11.071674Z  INFO network::router::network_router: /home/runner/.cargo/git/checkouts/async-mpc-1dbbf554a14e7a32/b307074/network/src/router/network_router.rs:273: Opened substreams for protocol 313596567011649142058152438551621015162    
2025-10-05T12:33:11.120292Z  INFO network::labeled_interface::handlers: /home/runner/.cargo/git/checkouts/async-mpc-1dbbf554a14e7a32/b307074/network/src/labeled_interface/handlers.rs:53: Router closed interface e4ce8a.    
2025-10-05T12:33:11.120844Z DEBUG arx::units::online_phase_unit: arx/src/units/online_phase_unit.rs:255: Output of computation is: ArxComputationOutput { computation: ArxComputation 313596567011649142058152438551621015162 (cluster: GgSqqAyH7AVY3Umcv8NvncrjFaNJuQLmxzxFxPoPW2Yd, mxe: EEL1Q3J9MjPxTWagTKE39jpUVBjUg7q283ztTVzbveDz), outputs: Success([[48, 63, 164, 80, 17, 116, 89, 105, 43, 254, 149, 180, 75, 237, 237, 241, 161, 125, 165, 237, 31, 85, 126, 115, 133, 131, 242, 94, 156, 202, 84, 37]]) } (313596567011649142058152438551621015162)
2025-10-05T12:33:11.120851Z  INFO network::labeled_interface::handlers: /home/runner/.cargo/git/checkouts/async-mpc-1dbbf554a14e7a32/b307074/network/src/labeled_interface/handlers.rs:86: Interface e4ce8a dropped.    
2025-10-05T12:33:11.120865Z DEBUG arx::coordinator: arx/src/coordinator.rs:364: Coordinator received online unit output: ArxComputationOutput { computation: ArxComputation 313596567011649142058152438551621015162 (cluster: GgSqqAyH7AVY3Umcv8NvncrjFaNJuQLmxzxFxPoPW2Yd, mxe: EEL1Q3J9MjPxTWagTKE39jpUVBjUg7q283ztTVzbveDz), outputs: Success([[48, 63, 164, 80, 17, 116, 89, 105, 43, 254, 149, 180, 75, 237, 237, 241, 161, 125, 165, 237, 31, 85, 126, 115, 133, 131, 242, 94, 156, 202, 84, 37]]) }
2025-10-05T12:33:11.120869Z  INFO network::labeled_interface::interface: /home/runner/.cargo/git/checkouts/async-mpc-1dbbf554a14e7a32/b307074/network/src/labeled_interface/interface.rs:415: Interface e4ce8a dropped.    
2025-10-05T12:33:11.120875Z  INFO network::router::state::substream_handlers: /home/runner/.cargo/git/checkouts/async-mpc-1dbbf554a14e7a32/b307074/network/src/router/state/substream_handlers.rs:197: Removed protocol ID (313596567011649142058152438551621015162, 0) for peer 53fdb6.    
2025-10-05T12:33:11.120874Z DEBUG arx::units::computation_transaction_unit: arx/src/units/computation_transaction_unit.rs:162: Processing callback for computation ArxComputation 313596567011649142058152438551621015162 (cluster: GgSqqAyH7AVY3Umcv8NvncrjFaNJuQLmxzxFxPoPW2Yd, mxe: EEL1Q3J9MjPxTWagTKE39jpUVBjUg7q283ztTVzbveDz)
2025-10-05T12:33:11.299688Z  WARN arx::program: arx/src/program.rs:322: Pub/sub connection closed or error occurred, reconnecting...
2025-10-05T12:33:11.299697Z  WARN arx::program: arx/src/program.rs:322: Pub/sub connection closed or error occurred, reconnecting...
2025-10-05T12:33:11.299713Z  WARN arx::program: arx/src/program.rs:322: Pub/sub connection closed or error occurred, reconnecting...
2025-10-05T12:33:11.299717Z  WARN arx::program: arx/src/program.rs:322: Pub/sub connection closed or error occurred, reconnecting...
2025-10-05T12:33:11.299729Z  INFO arx::program: arx/src/program.rs:327: Reconnecting pub/sub client
2025-10-05T12:33:11.299732Z  INFO arx::program: arx/src/program.rs:327: Reconnecting pub/sub client
2025-10-05T12:33:11.299740Z  INFO arx::program: arx/src/program.rs:327: Reconnecting pub/sub client
2025-10-05T12:33:11.299766Z  INFO arx::program: arx/src/program.rs:327: Reconnecting pub/sub client
2025-10-05T12:33:11.299989Z  WARN arx::program: arx/src/program.rs:375: Attempt 1/5: Failed to create new pub/sub: unable to connect to server
2025-10-05T12:33:11.299996Z  WARN arx::program: arx/src/program.rs:375: Attempt 1/5: Failed to create new pub/sub: unable to connect to server
2025-10-05T12:33:11.300001Z  WARN arx::program: arx/src/program.rs:375: Attempt 1/5: Failed to create new pub/sub: unable to connect to server
2025-10-05T12:33:11.300018Z  WARN arx::program: arx/src/program.rs:375: Attempt 1/5: Failed to create new pub/sub: unable to connect to server
2025-10-05T12:33:11.624475Z ERROR arx::units::computation_transaction_unit: arx/src/units/computation_transaction_unit.rs:224: Failed to send set_mxe_keys tx: SolanaClientError(Error { request: Some(GetSignatureStatuses), kind: Reqwest(reqwest::Error { kind: Request, url: Url { scheme: "http", cannot_be_a_base: false, username: "", password: None, host: Some(Domain("host.docker.internal")), port: Some(8899), path: "/", query: None, fragment: None }, source: hyper::Error(Connect, ConnectError("tcp connect error", Os { code: 111, kind: ConnectionRefused, message: "Connection refused" })) }) })
2025-10-05T12:33:11.624533Z  WARN arx::units::computation_transaction_unit: arx/src/units/computation_transaction_unit.rs:170: Attempt 1/5: RPC error while calling self.callback(mxe.clone(), computation.clone(), outputs): RPC error: Failed to send set_mxe_keys tx for mxe EEL1Q3J9MjPxTWagTKE39jpUVBjUg7q283ztTVzbveDz: SolanaClientError(Error { request: Some(GetSignatureStatuses), kind: Reqwest(reqwest::Error { kind: Request, url: Url { scheme: "http", cannot_be_a_base: false, username: "", password: None, host: Some(Domain("host.docker.internal")), port: Some(8899), path: "/", query: None, fragment: None }, source: hyper::Error(Connect, ConnectError("tcp connect error", Os { code: 111, kind: ConnectionRefused, message: "Connection refused" })) }) })
2025-10-05T12:33:12.300956Z  WARN arx::program: arx/src/program.rs:375: Attempt 2/5: Failed to create new pub/sub: unable to connect to server
2025-10-05T12:33:12.301016Z  WARN arx::program: arx/src/program.rs:375: Attempt 2/5: Failed to create new pub/sub: unable to connect to server
2025-10-05T12:33:12.301083Z  WARN arx::program: arx/src/program.rs:375: Attempt 2/5: Failed to create new pub/sub: unable to connect to server
2025-10-05T12:33:12.301155Z  WARN arx::program: arx/src/program.rs:375: Attempt 2/5: Failed to create new pub/sub: unable to connect to server
2025-10-05T12:33:12.626796Z ERROR arx::units::computation_transaction_unit: arx/src/units/computation_transaction_unit.rs:224: Failed to send set_mxe_keys tx: SolanaClientError(Error { request: Some(GetLatestBlockhash), kind: Reqwest(reqwest::Error { kind: Request, url: Url { scheme: "http", cannot_be_a_base: false, username: "", password: None, host: Some(Domain("host.docker.internal")), port: Some(8899), path: "/", query: None, fragment: None }, source: hyper::Error(Connect, ConnectError("tcp connect error", Os { code: 111, kind: ConnectionRefused, message: "Connection refused" })) }) })
2025-10-05T12:33:12.626897Z  WARN arx::units::computation_transaction_unit: arx/src/units/computation_transaction_unit.rs:170: Attempt 2/5: RPC error while calling self.callback(mxe.clone(), computation.clone(), outputs): RPC error: Failed to send set_mxe_keys tx for mxe EEL1Q3J9MjPxTWagTKE39jpUVBjUg7q283ztTVzbveDz: SolanaClientError(Error { request: Some(GetLatestBlockhash), kind: Reqwest(reqwest::Error { kind: Request, url: Url { scheme: "http", cannot_be_a_base: false, username: "", password: None, host: Some(Domain("host.docker.internal")), port: Some(8899), path: "/", query: None, fragment: None }, source: hyper::Error(Connect, ConnectError("tcp connect error", Os { code: 111, kind: ConnectionRefused, message: "Connection refused" })) }) })
2025-10-05T12:33:14.302384Z  WARN arx::program: arx/src/program.rs:375: Attempt 3/5: Failed to create new pub/sub: unable to connect to server
2025-10-05T12:33:14.302474Z  WARN arx::program: arx/src/program.rs:375: Attempt 3/5: Failed to create new pub/sub: unable to connect to server
2025-10-05T12:33:14.302479Z  WARN arx::program: arx/src/program.rs:375: Attempt 3/5: Failed to create new pub/sub: unable to connect to server
2025-10-05T12:33:14.302638Z  WARN arx::program: arx/src/program.rs:375: Attempt 3/5: Failed to create new pub/sub: unable to connect to server
2025-10-05T12:33:14.627889Z ERROR arx::units::computation_transaction_unit: arx/src/units/computation_transaction_unit.rs:224: Failed to send set_mxe_keys tx: SolanaClientError(Error { request: Some(GetLatestBlockhash), kind: Reqwest(reqwest::Error { kind: Request, url: Url { scheme: "http", cannot_be_a_base: false, username: "", password: None, host: Some(Domain("host.docker.internal")), port: Some(8899), path: "/", query: None, fragment: None }, source: hyper::Error(Connect, ConnectError("tcp connect error", Os { code: 111, kind: ConnectionRefused, message: "Connection refused" })) }) })
2025-10-05T12:33:14.627943Z  WARN arx::units::computation_transaction_unit: arx/src/units/computation_transaction_unit.rs:170: Attempt 3/5: RPC error while calling self.callback(mxe.clone(), computation.clone(), outputs): RPC error: Failed to send set_mxe_keys tx for mxe EEL1Q3J9MjPxTWagTKE39jpUVBjUg7q283ztTVzbveDz: SolanaClientError(Error { request: Some(GetLatestBlockhash), kind: Reqwest(reqwest::Error { kind: Request, url: Url { scheme: "http", cannot_be_a_base: false, username: "", password: None, host: Some(Domain("host.docker.internal")), port: Some(8899), path: "/", query: None, fragment: None }, source: hyper::Error(Connect, ConnectError("tcp connect error", Os { code: 111, kind: ConnectionRefused, message: "Connection refused" })) }) })
2025-10-05T12:33:18.304498Z  WARN arx::program: arx/src/program.rs:375: Attempt 4/5: Failed to create new pub/sub: unable to connect to server
2025-10-05T12:33:18.304498Z  WARN arx::program: arx/src/program.rs:375: Attempt 4/5: Failed to create new pub/sub: unable to connect to server
2025-10-05T12:33:18.304510Z  WARN arx::program: arx/src/program.rs:375: Attempt 4/5: Failed to create new pub/sub: unable to connect to server
2025-10-05T12:33:18.304571Z  WARN arx::program: arx/src/program.rs:375: Attempt 4/5: Failed to create new pub/sub: unable to connect to server
2025-10-05T12:33:18.630301Z ERROR arx::units::computation_transaction_unit: arx/src/units/computation_transaction_unit.rs:224: Failed to send set_mxe_keys tx: SolanaClientError(Error { request: Some(GetLatestBlockhash), kind: Reqwest(reqwest::Error { kind: Request, url: Url { scheme: "http", cannot_be_a_base: false, username: "", password: None, host: Some(Domain("host.docker.internal")), port: Some(8899), path: "/", query: None, fragment: None }, source: hyper::Error(Connect, ConnectError("tcp connect error", Os { code: 111, kind: ConnectionRefused, message: "Connection refused" })) }) })
2025-10-05T12:33:18.630416Z  WARN arx::units::computation_transaction_unit: arx/src/units/computation_transaction_unit.rs:170: Attempt 4/5: RPC error while calling self.callback(mxe.clone(), computation.clone(), outputs): RPC error: Failed to send set_mxe_keys tx for mxe EEL1Q3J9MjPxTWagTKE39jpUVBjUg7q283ztTVzbveDz: SolanaClientError(Error { request: Some(GetLatestBlockhash), kind: Reqwest(reqwest::Error { kind: Request, url: Url { scheme: "http", cannot_be_a_base: false, username: "", password: None, host: Some(Domain("host.docker.internal")), port: Some(8899), path: "/", query: None, fragment: None }, source: hyper::Error(Connect, ConnectError("tcp connect error", Os { code: 111, kind: ConnectionRefused, message: "Connection refused" })) }) })
