2025-10-08T14:18:42.188978Z DEBUG arx: arx/src/main.rs:53: Checking Solana is up and running
2025-10-08T14:18:42.223335Z  INFO arx: arx/src/main.rs:58: Running ARX
2025-10-08T14:18:42.223355Z DEBUG arx: arx/src/main.rs:60: Reading node keypair, callback authority keypair, and identity files from env
2025-10-08T14:18:42.223360Z DEBUG arx: arx/src/main.rs:68: Reading node keypair, callback authority keypair, and identity files
2025-10-08T14:18:42.223494Z DEBUG arx: arx/src/main.rs:78: Installing AWS LC crypto provider
2025-10-08T14:18:42.223504Z  INFO arx: arx/src/main.rs:83: Creating ARX coordinator
2025-10-08T14:18:42.317294Z DEBUG arx::units::online_phase_unit: arx/src/units/online_phase_unit.rs:121: Loaded MXE private shares for EEL1Q3J9MjPxTWagTKE39jpUVBjUg7q283ztTVzbveDz
2025-10-08T14:18:42.317355Z  INFO arx: arx/src/main.rs:93: Coordinator created successfully
2025-10-08T14:18:42.317358Z  INFO arx: arx/src/main.rs:102: Starting ARX coordinator
2025-10-08T14:18:42.317363Z  INFO arx: arx/src/main.rs:105: Waiting for Ctrl+C
2025-10-08T14:18:42.317368Z  INFO arx::units::cache_unit: arx/src/units/cache_unit.rs:88: Cache unit started
2025-10-08T14:18:42.317388Z  INFO arx::units::computation_transaction_unit: arx/src/units/computation_transaction_unit.rs:89: Computation transaction unit started
2025-10-08T14:18:42.317399Z  INFO arx::units::computation_unit: arx/src/units/computation_unit.rs:74: Inputs unit started
2025-10-08T14:18:42.317427Z  INFO arx::units::mempool_unit: arx/src/units/mempool_unit.rs:77: Mempool unit started
2025-10-08T14:18:42.317430Z DEBUG arx::units::mempool_unit: arx/src/units/mempool_unit.rs:79: Running pub/sub for mempools accounts
2025-10-08T14:18:42.317483Z  INFO arx::units::online_phase_unit: arx/src/units/online_phase_unit.rs:152: Online phase unit started
2025-10-08T14:18:42.317509Z  INFO arx::units::state_unit: arx/src/units/state_unit.rs:109: State unit started
2025-10-08T14:18:42.317379Z  INFO arx::units::cluster_unit: arx/src/units/cluster_unit.rs:66: Cluster unit started
2025-10-08T14:18:42.317411Z  INFO arx::units::execpool_unit: arx/src/units/execpool_unit.rs:80: Execpool unit started
2025-10-08T14:18:42.317939Z DEBUG arx::units::cluster_unit: arx/src/units/cluster_unit.rs:68: Running pub/sub for arx node account
2025-10-08T14:18:42.317951Z DEBUG arx::units::execpool_unit: arx/src/units/execpool_unit.rs:82: Running pub/sub for mempools accounts
2025-10-08T14:18:42.317984Z DEBUG arx::units::cluster_unit: arx/src/units/cluster_unit.rs:78: Subscribing to arx node account
2025-10-08T14:18:42.318009Z  INFO arx::program: arx/src/program.rs:242: Pub/sub client started
2025-10-08T14:18:42.318010Z  INFO arx::program: arx/src/program.rs:242: Pub/sub client started
2025-10-08T14:18:42.318012Z  INFO arx::program: arx/src/program.rs:244: Connecting initial pub/sub
2025-10-08T14:18:42.318012Z  INFO arx::program: arx/src/program.rs:244: Connecting initial pub/sub
2025-10-08T14:18:42.317450Z  INFO arx::units::mxe_unit: arx/src/units/mxe_unit.rs:75: MXE unit started
2025-10-08T14:18:42.318056Z DEBUG arx::units::mxe_unit: arx/src/units/mxe_unit.rs:77: Running pub/sub for clusters accounts
2025-10-08T14:18:42.318057Z  INFO arx::program: arx/src/program.rs:242: Pub/sub client started
2025-10-08T14:18:42.318067Z  INFO arx::program: arx/src/program.rs:244: Connecting initial pub/sub
2025-10-08T14:18:42.318103Z  INFO arx::program: arx/src/program.rs:242: Pub/sub client started
2025-10-08T14:18:42.318106Z  INFO arx::program: arx/src/program.rs:244: Connecting initial pub/sub
2025-10-08T14:18:42.317519Z  INFO arx::coordinator: arx/src/coordinator.rs:198: Coordinator started
2025-10-08T14:18:42.317371Z  INFO arx::units::circuit_unit: arx/src/units/circuit_unit.rs:107: Circuit unit started
2025-10-08T14:18:42.317469Z  INFO arx::units::node_transaction_unit: arx/src/units/node_transaction_unit.rs:65: Node transaction unit started
2025-10-08T14:18:42.318487Z  INFO arx::units::node_transaction_unit: arx/src/units/node_transaction_unit.rs:67: Activating node
2025-10-08T14:18:42.317487Z  INFO arx::units::peers_unit: arx/src/units/peers_unit.rs:76: Peers unit started
2025-10-08T14:18:42.318578Z  INFO arx::program: arx/src/program.rs:267: Fetching initial state for account: ELoRR19zrps1G3UYKcAxr7LKbw3kbqkVUXVY9dETMWN7
2025-10-08T14:18:42.323205Z  INFO arx::program: arx/src/program.rs:279: Subscribing to account: ELoRR19zrps1G3UYKcAxr7LKbw3kbqkVUXVY9dETMWN7
2025-10-08T14:18:42.323273Z DEBUG arx::units::cluster_unit: arx/src/units/cluster_unit.rs:101: Processing arx node update
2025-10-08T14:18:42.506476Z DEBUG arx::program: arx/src/program.rs:312: Received update for account: ELoRR19zrps1G3UYKcAxr7LKbw3kbqkVUXVY9dETMWN7
2025-10-08T14:18:42.506554Z DEBUG arx::units::cluster_unit: arx/src/units/cluster_unit.rs:101: Processing arx node update
2025-10-08T14:18:42.825380Z  INFO arx::units::node_transaction_unit: arx/src/units/node_transaction_unit.rs:70: Node activated
2025-10-08T14:18:42.825402Z DEBUG arx::coordinator: arx/src/coordinator.rs:204: Coordinator received activation unit message: activated
2025-10-08T14:18:42.825411Z DEBUG arx::coordinator: arx/src/coordinator.rs:251: Coordinator received cluster unit message: cluster: 0, status: Joined
2025-10-08T14:18:42.825429Z DEBUG arx::units::mxe_unit: arx/src/units/mxe_unit.rs:112: Subscribing to cluster: GgSqqAyH7AVY3Umcv8NvncrjFaNJuQLmxzxFxPoPW2Yd
2025-10-08T14:18:42.825438Z  INFO arx::program: arx/src/program.rs:267: Fetching initial state for account: GgSqqAyH7AVY3Umcv8NvncrjFaNJuQLmxzxFxPoPW2Yd
2025-10-08T14:18:42.825708Z  INFO arx::program: arx/src/program.rs:279: Subscribing to account: GgSqqAyH7AVY3Umcv8NvncrjFaNJuQLmxzxFxPoPW2Yd
2025-10-08T14:18:42.825730Z DEBUG arx::units::mxe_unit: arx/src/units/mxe_unit.rs:129: Processing cluster update for account: GgSqqAyH7AVY3Umcv8NvncrjFaNJuQLmxzxFxPoPW2Yd
2025-10-08T14:18:42.825752Z DEBUG arx::coordinator: arx/src/coordinator.rs:349: Coordinator received mxe unit message: cluster: GgSqqAyH7AVY3Umcv8NvncrjFaNJuQLmxzxFxPoPW2Yd, mxe: EEL1Q3J9MjPxTWagTKE39jpUVBjUg7q283ztTVzbveDz, status: Joined
2025-10-08T14:18:42.825774Z DEBUG arx::units::mempool_unit: arx/src/units/mempool_unit.rs:113: Subscribing to mempool account: 8tyjW9naJHWtDkxX4AHtkHi83vdsgnzP1gDUoiMPVuGN
2025-10-08T14:18:42.825779Z DEBUG arx::units::execpool_unit: arx/src/units/execpool_unit.rs:120: Subscribing to execpool account: 6Qt4SBbyza8Pp1MRJ4QBZz9fhNJNAk1FhuedtzVULK1U
2025-10-08T14:18:42.825784Z  INFO arx::program: arx/src/program.rs:267: Fetching initial state for account: 8tyjW9naJHWtDkxX4AHtkHi83vdsgnzP1gDUoiMPVuGN
2025-10-08T14:18:42.825787Z  INFO arx::program: arx/src/program.rs:267: Fetching initial state for account: 6Qt4SBbyza8Pp1MRJ4QBZz9fhNJNAk1FhuedtzVULK1U
2025-10-08T14:18:42.826375Z  INFO arx::program: arx/src/program.rs:279: Subscribing to account: 8tyjW9naJHWtDkxX4AHtkHi83vdsgnzP1gDUoiMPVuGN
2025-10-08T14:18:42.826463Z DEBUG arx::units::mempool_unit: arx/src/units/mempool_unit.rs:136: Processing new mempool update for account: 8tyjW9naJHWtDkxX4AHtkHi83vdsgnzP1gDUoiMPVuGN
2025-10-08T14:18:42.826488Z DEBUG arx::units::mempool_unit: arx/src/units/mempool_unit.rs:175: Mempool account 8tyjW9naJHWtDkxX4AHtkHi83vdsgnzP1gDUoiMPVuGN contains the same computations, skipping update
2025-10-08T14:18:42.826828Z  INFO arx::program: arx/src/program.rs:279: Subscribing to account: 6Qt4SBbyza8Pp1MRJ4QBZz9fhNJNAk1FhuedtzVULK1U
2025-10-08T14:18:42.826894Z DEBUG arx::coordinator: arx/src/coordinator.rs:288: Coordinator received execpool unit message: computations ids: [1]
2025-10-08T14:18:42.826924Z DEBUG arx::units::state_unit: arx/src/units/state_unit.rs:231: Processing execpool update
2025-10-08T14:18:42.826925Z DEBUG arx::units::cache_unit: arx/src/units/cache_unit.rs:144: Processing queued computation: ArxComputationReference (1,1) (cluster: GgSqqAyH7AVY3Umcv8NvncrjFaNJuQLmxzxFxPoPW2Yd, mxe: EEL1Q3J9MjPxTWagTKE39jpUVBjUg7q283ztTVzbveDz)
2025-10-08T14:18:42.826938Z DEBUG arx::units::state_unit: arx/src/units/state_unit.rs:281: Prefetching and executing computation: ArxComputationReference (1,1) (cluster: GgSqqAyH7AVY3Umcv8NvncrjFaNJuQLmxzxFxPoPW2Yd, mxe: EEL1Q3J9MjPxTWagTKE39jpUVBjUg7q283ztTVzbveDz) with status (index: 0, executed: false)
2025-10-08T14:18:42.826970Z DEBUG arx::coordinator: arx/src/coordinator.rs:384: Coordinator received state unit message: prefetch computation: ArxComputationReference (1,1) (cluster: GgSqqAyH7AVY3Umcv8NvncrjFaNJuQLmxzxFxPoPW2Yd, mxe: EEL1Q3J9MjPxTWagTKE39jpUVBjUg7q283ztTVzbveDz)
2025-10-08T14:18:42.826993Z DEBUG arx::coordinator: arx/src/coordinator.rs:405: Coordinator received state unit message: execute computation: ArxComputationReference (1,1) (cluster: GgSqqAyH7AVY3Umcv8NvncrjFaNJuQLmxzxFxPoPW2Yd, mxe: EEL1Q3J9MjPxTWagTKE39jpUVBjUg7q283ztTVzbveDz)
2025-10-08T14:18:42.826998Z DEBUG arx::units::peers_unit: arx/src/units/peers_unit.rs:111: Processing cluster: GgSqqAyH7AVY3Umcv8NvncrjFaNJuQLmxzxFxPoPW2Yd
2025-10-08T14:18:42.827005Z DEBUG arx::units::circuit_unit: arx/src/units/circuit_unit.rs:148: Processing computation definition: GSjDvGiKsfGTvcWJiTAVwHuVKefusPPYuFPVkbWGQjrd
2025-10-08T14:18:42.827557Z DEBUG arx::coordinator: arx/src/coordinator.rs:309: Coordinator prefetched computation ArxComputationReference (1,1) (cluster: GgSqqAyH7AVY3Umcv8NvncrjFaNJuQLmxzxFxPoPW2Yd, mxe: EEL1Q3J9MjPxTWagTKE39jpUVBjUg7q283ztTVzbveDz)
2025-10-08T14:18:42.827568Z DEBUG arx::coordinator: arx/src/coordinator.rs:312: Coordinator fetched computation ArxComputation 313596567011649142058152438551621015162 (cluster: GgSqqAyH7AVY3Umcv8NvncrjFaNJuQLmxzxFxPoPW2Yd, mxe: EEL1Q3J9MjPxTWagTKE39jpUVBjUg7q283ztTVzbveDz) inputs
2025-10-08T14:18:42.827577Z DEBUG arx::units::cache_unit: arx/src/units/cache_unit.rs:246: Processing fetched inputs: Cerberus Inputs
2025-10-08T14:18:42.827747Z DEBUG arx::units::circuit_unit: arx/src/units/circuit_unit.rs:198: Deserializing circuit data
2025-10-08T14:18:42.828005Z DEBUG arx::coordinator: arx/src/coordinator.rs:373: Coordinator received peers unit message
2025-10-08T14:18:42.828034Z DEBUG arx::units::cache_unit: arx/src/units/cache_unit.rs:209: Processing fetched peers: PeersInfo { cluster: GgSqqAyH7AVY3Umcv8NvncrjFaNJuQLmxzxFxPoPW2Yd, peer_number: 0 }
2025-10-08T14:18:42.830554Z DEBUG arx::units::circuit_unit: arx/src/units/circuit_unit.rs:215: Inserting circuit info into cache
2025-10-08T14:18:42.830590Z DEBUG arx::coordinator: arx/src/coordinator.rs:241: Coordinator received circuit unit message
2025-10-08T14:18:42.830598Z DEBUG arx::units::cache_unit: arx/src/units/cache_unit.rs:170: Processing fetched circuit: CircuitInfo GSjDvGiKsfGTvcWJiTAVwHuVKefusPPYuFPVkbWGQjrd
2025-10-08T14:18:42.830605Z DEBUG arx::coordinator: arx/src/coordinator.rs:221: Coordinator received cache unit message
2025-10-08T14:18:42.830610Z DEBUG arx::coordinator: arx/src/coordinator.rs:221: Coordinator received cache unit message
2025-10-08T14:18:42.830619Z DEBUG arx::units::state_unit: arx/src/units/state_unit.rs:296: Processing prefetched computation
2025-10-08T14:18:42.830629Z  WARN arx::units::online_phase_unit: arx/src/units/online_phase_unit.rs:195: Overwriting existing private shares for MXE keygen computation
2025-10-08T14:18:42.830671Z  INFO arx::units::online_phase_unit: arx/src/units/online_phase_unit.rs:326: Processing Cerberus computation with id 313596567011649142058152438551621015162
2025-10-08T14:18:42.830676Z DEBUG arx::units::online_phase_unit: arx/src/units/online_phase_unit.rs:328: Connecting to peers (313596567011649142058152438551621015162)
2025-10-08T14:18:42.830685Z DEBUG network::router::network_router: /home/runner/.cargo/git/checkouts/async-mpc-1dbbf554a14e7a32/b307074/network/src/router/network_router.rs:79: Handling connection request to peer 53fdb6    
2025-10-08T14:18:42.830690Z DEBUG network::router::state::connection_handlers: /home/runner/.cargo/git/checkouts/async-mpc-1dbbf554a14e7a32/b307074/network/src/router/state/connection_handlers.rs:44: Handling internal connection request: ConnectionRequest { expected_peer_id: 53fdb6, peer_addr: 172.20.0.101:8001, response_sender: Sender { inner: Some(Inner { state: State { is_complete: false, is_closed: false, is_rx_task_set: true, is_tx_task_set: false } }) } }    
2025-10-08T14:18:42.830697Z DEBUG network::router::state::connection_handlers: /home/runner/.cargo/git/checkouts/async-mpc-1dbbf554a14e7a32/b307074/network/src/router/state/connection_handlers.rs:65: Connection not established yet: 172.20.0.101:8001    
2025-10-08T14:18:42.830712Z DEBUG network::router::state::connection_handlers: /home/runner/.cargo/git/checkouts/async-mpc-1dbbf554a14e7a32/b307074/network/src/router/state/connection_handlers.rs:100: Connecting to peer: 172.20.0.101:8001    
2025-10-08T14:18:42.830910Z DEBUG network::router::state::connection_handlers: /home/runner/.cargo/git/checkouts/async-mpc-1dbbf554a14e7a32/b307074/network/src/router/state/connection_handlers.rs:128: Connecting and checking ID of peer: 172.20.0.101:8001    
2025-10-08T14:18:42.830928Z DEBUG network::router::network_router: /home/runner/.cargo/git/checkouts/async-mpc-1dbbf554a14e7a32/b307074/network/src/router/network_router.rs:85: Connection request to peer 53fdb6 handled    
2025-10-08T14:18:42.832328Z DEBUG network::router::state::connection_handlers: /home/runner/.cargo/git/checkouts/async-mpc-1dbbf554a14e7a32/b307074/network/src/router/state/connection_handlers.rs:280: Checking connection liveness to peer: 172.20.0.101:8001    
2025-10-08T14:18:42.832734Z DEBUG network::router::state::connection_handlers: /home/runner/.cargo/git/checkouts/async-mpc-1dbbf554a14e7a32/b307074/network/src/router/state/connection_handlers.rs:168: Outcome of connection to peer 172.20.0.101:8001 sent.    
2025-10-08T14:18:42.832743Z DEBUG network::router::state::connection_handlers: /home/runner/.cargo/git/checkouts/async-mpc-1dbbf554a14e7a32/b307074/network/src/router/state/connection_handlers.rs:188: Handling established connection to peer: 172.20.0.101:8001    
2025-10-08T14:18:42.832839Z  INFO network::router::state::substream_handlers: /home/runner/.cargo/git/checkouts/async-mpc-1dbbf554a14e7a32/b307074/network/src/router/state/substream_handlers.rs:217: Listening to substream requests from address 172.20.0.101:8001.    
2025-10-08T14:18:42.832875Z DEBUG arx::units::online_phase_unit: arx/src/units/online_phase_unit.rs:343: Connected to peers (313596567011649142058152438551621015162)
2025-10-08T14:18:42.832927Z DEBUG network::router::network_router: /home/runner/.cargo/git/checkouts/async-mpc-1dbbf554a14e7a32/b307074/network/src/router/network_router.rs:105: Opening substream for protocol (313596567011649142058152438551621015162, 0) with peer 53fdb6    
2025-10-08T14:18:42.832943Z  INFO network::router::network_router: /home/runner/.cargo/git/checkouts/async-mpc-1dbbf554a14e7a32/b307074/network/src/router/network_router.rs:273: Opened substreams for protocol 313596567011649142058152438551621015162    
2025-10-08T14:18:42.881210Z  INFO network::labeled_interface::handlers: /home/runner/.cargo/git/checkouts/async-mpc-1dbbf554a14e7a32/b307074/network/src/labeled_interface/handlers.rs:86: Interface e4ce8a dropped.    
2025-10-08T14:18:42.881210Z DEBUG arx::units::online_phase_unit: arx/src/units/online_phase_unit.rs:255: Output of computation is: ArxComputationOutput { computation: ArxComputation 313596567011649142058152438551621015162 (cluster: GgSqqAyH7AVY3Umcv8NvncrjFaNJuQLmxzxFxPoPW2Yd, mxe: EEL1Q3J9MjPxTWagTKE39jpUVBjUg7q283ztTVzbveDz), outputs: Success([[48, 63, 164, 80, 17, 116, 89, 105, 43, 254, 149, 180, 75, 237, 237, 241, 161, 125, 165, 237, 31, 85, 126, 115, 133, 131, 242, 94, 156, 202, 84, 37]]) } (313596567011649142058152438551621015162)
2025-10-08T14:18:42.881277Z DEBUG arx::coordinator: arx/src/coordinator.rs:364: Coordinator received online unit output: ArxComputationOutput { computation: ArxComputation 313596567011649142058152438551621015162 (cluster: GgSqqAyH7AVY3Umcv8NvncrjFaNJuQLmxzxFxPoPW2Yd, mxe: EEL1Q3J9MjPxTWagTKE39jpUVBjUg7q283ztTVzbveDz), outputs: Success([[48, 63, 164, 80, 17, 116, 89, 105, 43, 254, 149, 180, 75, 237, 237, 241, 161, 125, 165, 237, 31, 85, 126, 115, 133, 131, 242, 94, 156, 202, 84, 37]]) }
2025-10-08T14:18:42.881293Z  INFO network::labeled_interface::interface: /home/runner/.cargo/git/checkouts/async-mpc-1dbbf554a14e7a32/b307074/network/src/labeled_interface/interface.rs:415: Interface e4ce8a dropped.    
2025-10-08T14:18:42.881298Z DEBUG arx::units::computation_transaction_unit: arx/src/units/computation_transaction_unit.rs:162: Processing callback for computation ArxComputation 313596567011649142058152438551621015162 (cluster: GgSqqAyH7AVY3Umcv8NvncrjFaNJuQLmxzxFxPoPW2Yd, mxe: EEL1Q3J9MjPxTWagTKE39jpUVBjUg7q283ztTVzbveDz)
2025-10-08T14:18:42.881334Z  INFO network::labeled_interface::handlers: /home/runner/.cargo/git/checkouts/async-mpc-1dbbf554a14e7a32/b307074/network/src/labeled_interface/handlers.rs:53: Router closed interface e4ce8a.    
2025-10-08T14:18:42.881351Z  INFO network::router::state::substream_handlers: /home/runner/.cargo/git/checkouts/async-mpc-1dbbf554a14e7a32/b307074/network/src/router/state/substream_handlers.rs:197: Removed protocol ID (313596567011649142058152438551621015162, 0) for peer 53fdb6.    
2025-10-08T14:18:43.306930Z DEBUG arx::program: arx/src/program.rs:312: Received update for account: GgSqqAyH7AVY3Umcv8NvncrjFaNJuQLmxzxFxPoPW2Yd
2025-10-08T14:18:43.306963Z DEBUG arx::units::mxe_unit: arx/src/units/mxe_unit.rs:129: Processing cluster update for account: GgSqqAyH7AVY3Umcv8NvncrjFaNJuQLmxzxFxPoPW2Yd
2025-10-08T14:18:43.385560Z DEBUG arx::units::computation_transaction_unit: arx/src/units/computation_transaction_unit.rs:219: Sent set_mxe_keys tx for mxe EEL1Q3J9MjPxTWagTKE39jpUVBjUg7q283ztTVzbveDz with sig 3TtqBRRsYWmE3bCRr3SyQL2USZwezynZRJHjvoRMbwecvHaBmB7hN8JfdaPurrTbGTY35n9AGNwtpZZuakjvatuR
2025-10-08T14:18:43.641129Z DEBUG arx::program: arx/src/program.rs:312: Received update for account: GgSqqAyH7AVY3Umcv8NvncrjFaNJuQLmxzxFxPoPW2Yd
2025-10-08T14:18:43.641150Z DEBUG arx::units::mxe_unit: arx/src/units/mxe_unit.rs:129: Processing cluster update for account: GgSqqAyH7AVY3Umcv8NvncrjFaNJuQLmxzxFxPoPW2Yd
2025-10-08T14:18:43.641292Z DEBUG arx::program: arx/src/program.rs:312: Received update for account: 8tyjW9naJHWtDkxX4AHtkHi83vdsgnzP1gDUoiMPVuGN
2025-10-08T14:18:43.641665Z DEBUG arx::units::mempool_unit: arx/src/units/mempool_unit.rs:136: Processing new mempool update for account: 8tyjW9naJHWtDkxX4AHtkHi83vdsgnzP1gDUoiMPVuGN
2025-10-08T14:18:43.641677Z DEBUG arx::units::mempool_unit: arx/src/units/mempool_unit.rs:175: Mempool account 8tyjW9naJHWtDkxX4AHtkHi83vdsgnzP1gDUoiMPVuGN contains the same computations, skipping update
2025-10-08T14:18:43.641707Z DEBUG arx::program: arx/src/program.rs:312: Received update for account: 6Qt4SBbyza8Pp1MRJ4QBZz9fhNJNAk1FhuedtzVULK1U
2025-10-08T14:18:43.641731Z DEBUG arx::coordinator: arx/src/coordinator.rs:288: Coordinator received execpool unit message: computations ids: []
2025-10-08T14:18:43.641748Z DEBUG arx::units::state_unit: arx/src/units/state_unit.rs:231: Processing execpool update
2025-10-08T14:18:43.641752Z DEBUG arx::units::state_unit: arx/src/units/state_unit.rs:255: Removing computation from execpool: ArxComputationReference (1,1) (cluster: GgSqqAyH7AVY3Umcv8NvncrjFaNJuQLmxzxFxPoPW2Yd, mxe: EEL1Q3J9MjPxTWagTKE39jpUVBjUg7q283ztTVzbveDz)
2025-10-08T14:18:43.641759Z DEBUG arx::coordinator: arx/src/coordinator.rs:423: Coordinator received state unit message: executed computation: ArxComputationReference (1,1) (cluster: GgSqqAyH7AVY3Umcv8NvncrjFaNJuQLmxzxFxPoPW2Yd, mxe: EEL1Q3J9MjPxTWagTKE39jpUVBjUg7q283ztTVzbveDz)
2025-10-08T14:18:43.641767Z DEBUG arx::units::cache_unit: arx/src/units/cache_unit.rs:278: Processing executed computation: ArxComputationReference (1,1) (cluster: GgSqqAyH7AVY3Umcv8NvncrjFaNJuQLmxzxFxPoPW2Yd, mxe: EEL1Q3J9MjPxTWagTKE39jpUVBjUg7q283ztTVzbveDz)
2025-10-08T14:18:43.641772Z DEBUG arx::units::cache_unit: arx/src/units/cache_unit.rs:282: Computation executed and removed from cache: ArxComputationReference (1,1) (cluster: GgSqqAyH7AVY3Umcv8NvncrjFaNJuQLmxzxFxPoPW2Yd, mxe: EEL1Q3J9MjPxTWagTKE39jpUVBjUg7q283ztTVzbveDz)
2025-10-08T14:18:43.889436Z DEBUG arx::units::computation_transaction_unit: arx/src/units/computation_transaction_unit.rs:342: Callback computation tx for mxe EEL1Q3J9MjPxTWagTKE39jpUVBjUg7q283ztTVzbveDz already sent
2025-10-08T14:18:43.889471Z DEBUG arx::coordinator: arx/src/coordinator.rs:265: Coordinator received computation transaction unit callback computation: ArxComputationReference (1,1) (cluster: GgSqqAyH7AVY3Umcv8NvncrjFaNJuQLmxzxFxPoPW2Yd, mxe: EEL1Q3J9MjPxTWagTKE39jpUVBjUg7q283ztTVzbveDz)
2025-10-08T14:18:43.889499Z DEBUG arx::units::state_unit: arx/src/units/state_unit.rs:311: Processing executed computation
2025-10-08T14:18:43.889501Z DEBUG arx::units::cache_unit: arx/src/units/cache_unit.rs:278: Processing executed computation: ArxComputationReference (1,1) (cluster: GgSqqAyH7AVY3Umcv8NvncrjFaNJuQLmxzxFxPoPW2Yd, mxe: EEL1Q3J9MjPxTWagTKE39jpUVBjUg7q283ztTVzbveDz)
2025-10-08T14:18:43.889516Z  WARN arx::units::cache_unit: arx/src/units/cache_unit.rs:289: Computation info not found in cache: ArxComputationReference (1,1) (cluster: GgSqqAyH7AVY3Umcv8NvncrjFaNJuQLmxzxFxPoPW2Yd, mxe: EEL1Q3J9MjPxTWagTKE39jpUVBjUg7q283ztTVzbveDz)
2025-10-08T14:18:52.129541Z  WARN arx::program: arx/src/program.rs:322: Pub/sub connection closed or error occurred, reconnecting...
2025-10-08T14:18:52.129581Z  INFO arx::program: arx/src/program.rs:327: Reconnecting pub/sub client
2025-10-08T14:18:52.129636Z  WARN arx::program: arx/src/program.rs:322: Pub/sub connection closed or error occurred, reconnecting...
2025-10-08T14:18:52.129641Z  INFO arx::program: arx/src/program.rs:327: Reconnecting pub/sub client
2025-10-08T14:18:52.129668Z  WARN arx::program: arx/src/program.rs:322: Pub/sub connection closed or error occurred, reconnecting...
2025-10-08T14:18:52.129672Z  WARN arx::program: arx/src/program.rs:322: Pub/sub connection closed or error occurred, reconnecting...
2025-10-08T14:18:52.129684Z  INFO arx::program: arx/src/program.rs:327: Reconnecting pub/sub client
2025-10-08T14:18:52.129685Z  INFO arx::program: arx/src/program.rs:327: Reconnecting pub/sub client
2025-10-08T14:18:52.129774Z  WARN arx::program: arx/src/program.rs:375: Attempt 1/5: Failed to create new pub/sub: unable to connect to server
2025-10-08T14:18:52.129809Z  WARN arx::program: arx/src/program.rs:375: Attempt 1/5: Failed to create new pub/sub: unable to connect to server
2025-10-08T14:18:52.129824Z  WARN arx::program: arx/src/program.rs:375: Attempt 1/5: Failed to create new pub/sub: unable to connect to server
2025-10-08T14:18:52.129863Z  WARN arx::program: arx/src/program.rs:375: Attempt 1/5: Failed to create new pub/sub: unable to connect to server
2025-10-08T14:18:53.131937Z  WARN arx::program: arx/src/program.rs:375: Attempt 2/5: Failed to create new pub/sub: unable to connect to server
2025-10-08T14:18:53.131961Z  WARN arx::program: arx/src/program.rs:375: Attempt 2/5: Failed to create new pub/sub: unable to connect to server
2025-10-08T14:18:53.131978Z  WARN arx::program: arx/src/program.rs:375: Attempt 2/5: Failed to create new pub/sub: unable to connect to server
2025-10-08T14:18:53.132002Z  WARN arx::program: arx/src/program.rs:375: Attempt 2/5: Failed to create new pub/sub: unable to connect to server
2025-10-08T14:18:55.133852Z  WARN arx::program: arx/src/program.rs:375: Attempt 3/5: Failed to create new pub/sub: unable to connect to server
2025-10-08T14:18:55.133972Z  WARN arx::program: arx/src/program.rs:375: Attempt 3/5: Failed to create new pub/sub: unable to connect to server
2025-10-08T14:18:55.133980Z  WARN arx::program: arx/src/program.rs:375: Attempt 3/5: Failed to create new pub/sub: unable to connect to server
2025-10-08T14:18:55.134016Z  WARN arx::program: arx/src/program.rs:375: Attempt 3/5: Failed to create new pub/sub: unable to connect to server
2025-10-08T14:18:59.136021Z  WARN arx::program: arx/src/program.rs:375: Attempt 4/5: Failed to create new pub/sub: unable to connect to server
2025-10-08T14:18:59.136033Z  WARN arx::program: arx/src/program.rs:375: Attempt 4/5: Failed to create new pub/sub: unable to connect to server
2025-10-08T14:18:59.136106Z  WARN arx::program: arx/src/program.rs:375: Attempt 4/5: Failed to create new pub/sub: unable to connect to server
2025-10-08T14:18:59.136140Z  WARN arx::program: arx/src/program.rs:375: Attempt 4/5: Failed to create new pub/sub: unable to connect to server
